{"level":"\u001b[32minfo\u001b[39m","message":"Hello","timestamp":"2024-09-25T17:24:00.751Z"}
{"level":"\u001b[33mwarn\u001b[39m","message":"Hello","timestamp":"2024-09-25T17:24:07.495Z"}
{"level":"\u001b[32minfo\u001b[39m","message":"Hey","timestamp":"2024-09-25T17:39:44.688Z"}
{"level":"\u001b[32minfo\u001b[39m","message":"Hey ","timestamp":"2024-09-25T17:40:50.625Z"}
{"level":"\u001b[32minfo\u001b[39m","message":"APP is running on PORT 4000","timestamp":"2024-09-25T17:40:58.512Z"}
{"level":"\u001b[32minfo\u001b[39m","message":"APP is running on PORT 4000","timestamp":"2024-09-25T17:41:13.839Z"}
{"level":"\u001b[32minfo\u001b[39m","message":"APP is running on PORT 3000","timestamp":"2024-09-25T17:42:57.405Z"}
{"level":"\u001b[32minfo\u001b[39m","message":"APP is running on PORT 4000","timestamp":"2024-09-25T17:43:02.267Z"}
{"level":"\u001b[32minfo\u001b[39m","message":"APP is running on PORT 4000","timestamp":"2024-09-25T17:43:10.357Z"}
{"level":"\u001b[32minfo\u001b[39m","message":"APP is running on PORT 4000","timestamp":"2024-09-25T17:43:13.663Z"}
{"level":"\u001b[33mwarn\u001b[39m","message":"","timestamp":"2024-09-25T17:43:27.834Z"}
{"level":"\u001b[32minfo\u001b[39m","message":"APP is running on PORT 4000","timestamp":"2024-09-25T17:43:27.849Z"}
{"level":"\u001b[33mwarn\u001b[39m","timestamp":"2024-09-25T17:43:31.254Z"}
{"level":"\u001b[32minfo\u001b[39m","message":"APP is running on PORT 4000","timestamp":"2024-09-25T17:43:31.264Z"}
{"level":"\u001b[33mwarn\u001b[39m","message":{"ALLUSERSPROFILE":"C:\\ProgramData","APPDATA":"C:\\Users\\My Dell\\AppData\\Roaming","CHROME_CRASHPAD_PIPE_NAME":"\\\\.\\pipe\\crashpad_8088_TRLRYVHVFRRPZOUN","COLOR":"1","COLORTERM":"truecolor","COMPUTERNAME":"DESKTOP-DUKTTVQ","ComSpec":"C:\\WINDOWS\\system32\\cmd.exe","CommonProgramFiles":"C:\\Program Files\\Common Files","CommonProgramFiles(x86)":"C:\\Program Files (x86)\\Common Files","CommonProgramW6432":"C:\\Program Files\\Common Files","DriverData":"C:\\Windows\\System32\\Drivers\\DriverData","EDITOR":"C:\\WINDOWS\\notepad.exe","FPS_BROWSER_APP_PROFILE_STRING":"Internet Explorer","FPS_BROWSER_USER_PROFILE_STRING":"Default","GIT_ASKPASS":"c:\\Users\\My Dell\\AppData\\Local\\Programs\\Microsoft VS Code\\resources\\app\\extensions\\git\\dist\\askpass.sh","HOME":"C:\\Users\\My Dell","HOMEDRIVE":"C:","HOMEPATH":"\\Users\\My Dell","INIT_CWD":"C:\\Users\\My Dell\\Desktop\\Backend\\vidTube","LANG":"en_US.UTF-8","LOCALAPPDATA":"C:\\Users\\My Dell\\AppData\\Local","LOGONSERVER":"\\\\DESKTOP-DUKTTVQ","NODE":"C:\\Program Files\\nodejs\\node.exe","NODE_EXE":"C:\\Program Files\\nodejs\\\\node.exe","NPM_CLI_JS":"C:\\Program Files\\nodejs\\\\node_modules\\npm\\bin\\npm-cli.js","NPM_PREFIX_NPM_CLI_JS":"C:\\Users\\My Dell\\AppData\\Roaming\\npm\\node_modules\\npm\\bin\\npm-cli.js","NUMBER_OF_PROCESSORS":"4","ORIGINAL_XDG_CURRENT_DESKTOP":"undefined","OS":"Windows_NT","OneDrive":"C:\\Users\\My Dell\\OneDrive","PATHEXT":".COM;.EXE;.BAT;.CMD;.VBS;.VBE;.JS;.JSE;.WSF;.WSH;.MSC;.CPL","PROCESSOR_ARCHITECTURE":"AMD64","PROCESSOR_IDENTIFIER":"Intel64 Family 6 Model 69 Stepping 1, GenuineIntel","PROCESSOR_LEVEL":"6","PROCESSOR_REVISION":"4501","PROMPT":"$P$G","PSModulePath":"C:\\Users\\My Dell\\Documents\\WindowsPowerShell\\Modules;C:\\Program Files\\WindowsPowerShell\\Modules;C:\\WINDOWS\\system32\\WindowsPowerShell\\v1.0\\Modules","PUBLIC":"C:\\Users\\Public","Path":"C:\\Users\\My Dell\\Desktop\\Backend\\vidTube\\node_modules\\.bin;C:\\Users\\My Dell\\Desktop\\Backend\\node_modules\\.bin;C:\\Users\\My Dell\\Desktop\\node_modules\\.bin;C:\\Users\\My Dell\\node_modules\\.bin;C:\\Users\\node_modules\\.bin;C:\\node_modules\\.bin;C:\\Program Files\\nodejs\\node_modules\\npm\\node_modules\\@npmcli\\run-script\\lib\\node-gyp-bin;C:\\WINDOWS\\system32;C:\\WINDOWS;C:\\WINDOWS\\System32\\Wbem;C:\\WINDOWS\\System32\\WindowsPowerShell\\v1.0\\;C:\\WINDOWS\\System32\\OpenSSH\\;C:\\Program Files\\nodejs\\;C:\\Program Files\\Git\\cmd;C:\\Program Files (x86)\\dotnet\\;C:\\Users\\My Dell\\AppData\\Local\\Programs\\Python\\Python312\\Scripts\\;C:\\Users\\My Dell\\AppData\\Local\\Programs\\Python\\Python312\\;C:\\Users\\My Dell\\AppData\\Local\\Microsoft\\WindowsApps;C:\\Program Files\\JetBrains\\PyCharm 2023.2.2\\bin;;C:\\Users\\My Dell\\AppData\\Local\\Programs\\Microsoft VS Code\\bin;C:\\Users\\My Dell\\AppData\\Roaming\\npm;C:\\Users\\My Dell\\AppData\\Local\\GitHubDesktop\\bin;C:\\Users\\My Dell\\.bun\\bin;","ProgramData":"C:\\ProgramData","ProgramFiles":"C:\\Program Files","ProgramFiles(x86)":"C:\\Program Files (x86)","ProgramW6432":"C:\\Program Files","PyCharm":"C:\\Program Files\\JetBrains\\PyCharm 2023.2.2\\bin;","SESSIONNAME":"Console","SystemDrive":"C:","SystemRoot":"C:\\WINDOWS","TEMP":"C:\\Users\\MYDELL~1\\AppData\\Local\\Temp","TERM_PROGRAM":"vscode","TERM_PROGRAM_VERSION":"1.86.2","TMP":"C:\\Users\\MYDELL~1\\AppData\\Local\\Temp","USERDOMAIN":"DESKTOP-DUKTTVQ","USERDOMAIN_ROAMINGPROFILE":"DESKTOP-DUKTTVQ","USERNAME":"My Dell","USERPROFILE":"C:\\Users\\My Dell","VSCODE_GIT_ASKPASS_EXTRA_ARGS":"","VSCODE_GIT_ASKPASS_MAIN":"c:\\Users\\My Dell\\AppData\\Local\\Programs\\Microsoft VS Code\\resources\\app\\extensions\\git\\dist\\askpass-main.js","VSCODE_GIT_ASKPASS_NODE":"C:\\Users\\My Dell\\AppData\\Local\\Programs\\Microsoft VS Code\\Code.exe","VSCODE_GIT_IPC_HANDLE":"\\\\.\\pipe\\vscode-git-135d2bae15-sock","VSCODE_INJECTION":"1","npm_command":"run-script","npm_config_cache":"C:\\Users\\My Dell\\AppData\\Local\\npm-cache","npm_config_global_prefix":"C:\\Users\\My Dell\\AppData\\Roaming\\npm","npm_config_globalconfig":"C:\\Users\\My Dell\\AppData\\Roaming\\npm\\etc\\npmrc","npm_config_init_module":"C:\\Users\\My Dell\\.npm-init.js","npm_config_local_prefix":"C:\\Users\\My Dell\\Desktop\\Backend\\vidTube","npm_config_node_gyp":"C:\\Program Files\\nodejs\\node_modules\\npm\\node_modules\\node-gyp\\bin\\node-gyp.js","npm_config_noproxy":"","npm_config_npm_version":"10.2.3","npm_config_prefix":"C:\\Users\\My Dell\\AppData\\Roaming\\npm","npm_config_user_agent":"npm/10.2.3 node/v20.10.0 win32 x64 workspaces/false","npm_config_userconfig":"C:\\Users\\My Dell\\.npmrc","npm_execpath":"C:\\Program Files\\nodejs\\node_modules\\npm\\bin\\npm-cli.js","npm_lifecycle_event":"dev","npm_lifecycle_script":"nodemon src/index.js","npm_node_execpath":"C:\\Program Files\\nodejs\\node.exe","npm_package_json":"C:\\Users\\My Dell\\Desktop\\Backend\\vidTube\\package.json","npm_package_name":"vidtube","npm_package_version":"1.0.0","windir":"C:\\WINDOWS"},"timestamp":"2024-09-25T17:43:32.528Z"}
{"level":"\u001b[32minfo\u001b[39m","message":"APP is running on PORT 4000","timestamp":"2024-09-25T17:43:32.538Z"}
{"level":"\u001b[33mwarn\u001b[39m","timestamp":"2024-09-25T17:43:36.528Z"}
{"level":"\u001b[32minfo\u001b[39m","message":"APP is running on PORT 4000","timestamp":"2024-09-25T17:43:36.540Z"}
{"level":"\u001b[33mwarn\u001b[39m","timestamp":"2024-09-25T17:43:40.834Z"}
{"level":"\u001b[32minfo\u001b[39m","message":"APP is running on PORT 4000","timestamp":"2024-09-25T17:43:40.843Z"}
{"level":"\u001b[33mwarn\u001b[39m","timestamp":"2024-09-25T17:43:43.881Z"}
{"level":"\u001b[32minfo\u001b[39m","message":"APP is running on PORT 4000","timestamp":"2024-09-25T17:43:43.892Z"}
{"level":"\u001b[32minfo\u001b[39m","message":"APP is running on PORT 4000","timestamp":"2024-09-25T17:43:51.575Z"}
{"level":"\u001b[32minfo\u001b[39m","message":"APP is running on PORT 4000","timestamp":"2024-09-25T17:45:13.800Z"}
{"level":"\u001b[32minfo\u001b[39m","message":"APP is running on PORT 4000","timestamp":"2024-09-25T17:49:29.787Z"}
{"level":"\u001b[32minfo\u001b[39m","message":"APP is running on PORT 400","timestamp":"2024-09-25T17:49:33.858Z"}
{"level":"\u001b[32minfo\u001b[39m","message":"APP is running on PORT 4000","timestamp":"2024-09-25T17:49:40.075Z"}
{"level":"\u001b[32minfo\u001b[39m","message":"APP is running on PORT 4000","timestamp":"2024-09-25T17:49:46.249Z"}
{"level":"\u001b[32minfo\u001b[39m","message":"APP is running on PORT 4000","timestamp":"2024-09-25T17:49:49.910Z"}
{"level":"\u001b[32minfo\u001b[39m","message":"APP is running on PORT 4000","timestamp":"2024-09-25T17:49:54.103Z"}
{"level":"\u001b[32minfo\u001b[39m","message":"APP is running on PORT 4000","timestamp":"2024-09-25T17:50:42.338Z"}
{"level":"\u001b[32minfo\u001b[39m","message":"APP is running on PORT 4000","timestamp":"2024-09-25T17:50:43.318Z"}
{"level":"\u001b[32minfo\u001b[39m","message":"APP is running on PORT 4000","timestamp":"2024-09-25T17:50:47.983Z"}
{"level":"\u001b[32minfo\u001b[39m","message":"APP is running on PORT 4000","timestamp":"2024-09-25T19:35:11.384Z"}
{"level":"\u001b[32minfo\u001b[39m","message":"APP is running on PORT 4000","timestamp":"2024-09-25T19:36:06.162Z"}
{"level":"\u001b[32minfo\u001b[39m","message":"APP is running on PORT 4000","timestamp":"2024-09-25T19:36:23.078Z"}
{"level":"\u001b[32minfo\u001b[39m","message":"APP is running on PORT 4000","timestamp":"2024-09-25T19:36:52.654Z"}
{"level":"\u001b[32minfo\u001b[39m","message":"APP is running on PORT 4000","timestamp":"2024-09-25T19:37:00.929Z"}
{"level":"\u001b[32minfo\u001b[39m","message":"APP is running on PORT 4000","timestamp":"2024-09-25T19:37:19.535Z"}
{"level":"\u001b[32minfo\u001b[39m","message":"APP is running on PORT 4000","timestamp":"2024-09-25T19:37:21.571Z"}
{"level":"\u001b[32minfo\u001b[39m","message":"APP is running on PORT 4000","timestamp":"2024-09-25T19:37:22.932Z"}
{"level":"\u001b[32minfo\u001b[39m","message":"APP is running on PORT 4000","timestamp":"2024-09-25T19:38:10.340Z"}
{"level":"\u001b[32minfo\u001b[39m","message":"APP is running on PORT 4000","timestamp":"2024-09-25T19:38:12.611Z"}
{"level":"\u001b[32minfo\u001b[39m","message":"APP is running on PORT 4000","timestamp":"2024-09-25T19:38:16.066Z"}
{"level":"\u001b[32minfo\u001b[39m","message":"APP is running on PORT 4000","timestamp":"2024-09-25T19:39:15.721Z"}
{"level":"\u001b[32minfo\u001b[39m","message":"APP is running on PORT 4000","timestamp":"2024-09-25T19:40:51.729Z"}
{"level":"\u001b[32minfo\u001b[39m","message":"APP is running on PORT 4000","timestamp":"2024-09-25T19:41:03.547Z"}
{"level":"\u001b[32minfo\u001b[39m","message":"APP is running on PORT 4000","timestamp":"2024-09-25T19:41:15.362Z"}
{"level":"\u001b[32minfo\u001b[39m","message":"APP is running on PORT 4000","timestamp":"2024-09-25T19:41:16.877Z"}
{"level":"\u001b[32minfo\u001b[39m","message":"APP is running on PORT 4000","timestamp":"2024-09-25T19:41:20.193Z"}
{"level":"\u001b[32minfo\u001b[39m","message":"APP is running on PORT 4000","timestamp":"2024-09-25T19:41:31.167Z"}
{"level":"\u001b[32minfo\u001b[39m","message":"APP is running on PORT 4000","timestamp":"2024-09-25T19:41:43.797Z"}
{"level":"\u001b[32minfo\u001b[39m","message":"APP is running on PORT 4000","timestamp":"2024-09-25T19:41:46.254Z"}
{"level":"\u001b[32minfo\u001b[39m","message":"APP is running on PORT 4000","timestamp":"2024-09-25T19:41:52.535Z"}
{"level":"\u001b[32minfo\u001b[39m","message":"APP is running on PORT 4000","timestamp":"2024-09-25T19:41:55.392Z"}
{"level":"\u001b[32minfo\u001b[39m","message":"APP is running on PORT 4000","timestamp":"2024-09-25T19:42:18.250Z"}
{"level":"\u001b[32minfo\u001b[39m","message":"APP is running on PORT 4000","timestamp":"2024-09-25T19:42:31.358Z"}
{"level":"\u001b[32minfo\u001b[39m","message":"APP is running on PORT 4000","timestamp":"2024-09-25T19:43:10.820Z"}
{"level":"\u001b[32minfo\u001b[39m","message":"APP is running on PORT 4000","timestamp":"2024-09-25T19:43:14.828Z"}
{"level":"\u001b[32minfo\u001b[39m","message":"APP is running on PORT 4000","timestamp":"2024-09-25T19:55:03.639Z"}
{"level":"\u001b[32minfo\u001b[39m","message":"APP is running on PORT 4000","timestamp":"2024-09-25T19:55:08.151Z"}
{"level":"\u001b[32minfo\u001b[39m","message":"APP is running on PORT 4000","timestamp":"2024-09-25T19:55:14.861Z"}
{"level":"\u001b[32minfo\u001b[39m","message":"APP is running on PORT 4000","timestamp":"2024-09-25T19:55:16.271Z"}
{"level":"\u001b[32minfo\u001b[39m","message":"APP is running on PORT 4000","timestamp":"2024-09-25T19:55:17.393Z"}
{"level":"\u001b[32minfo\u001b[39m","message":"APP is running on PORT 4000","timestamp":"2024-09-25T19:55:18.691Z"}
{"level":"\u001b[32minfo\u001b[39m","message":"APP is running on PORT 4000","timestamp":"2024-09-25T19:55:31.145Z"}
{"level":"\u001b[32minfo\u001b[39m","message":"APP is running on PORT 4000","timestamp":"2024-09-25T19:55:35.728Z"}
{"level":"\u001b[32minfo\u001b[39m","message":"APP is running on PORT 4000","timestamp":"2024-09-25T19:56:48.717Z"}
{"level":"\u001b[32minfo\u001b[39m","message":"APP is running on PORT 4000","timestamp":"2024-09-25T19:56:55.865Z"}
{"level":"\u001b[32minfo\u001b[39m","message":"APP is running on PORT 4000","timestamp":"2024-09-25T19:56:57.678Z"}
{"level":"\u001b[32minfo\u001b[39m","message":"APP is running on PORT 4000","timestamp":"2024-09-25T19:57:03.320Z"}
{"level":"\u001b[32minfo\u001b[39m","message":"APP is running on PORT 4000","timestamp":"2024-09-25T19:57:06.521Z"}
{"level":"\u001b[32minfo\u001b[39m","message":"APP is running on PORT 4000","timestamp":"2024-09-25T19:57:21.471Z"}
{"level":"\u001b[32minfo\u001b[39m","message":"APP is running on PORT 4000","timestamp":"2024-09-25T19:57:23.821Z"}
{"level":"\u001b[32minfo\u001b[39m","message":"APP is running on PORT 4000","timestamp":"2024-09-25T19:57:26.171Z"}
{"level":"\u001b[32minfo\u001b[39m","message":"APP is running on PORT 4000","timestamp":"2024-09-25T19:57:32.586Z"}
{"level":"\u001b[32minfo\u001b[39m","message":"APP is running on PORT 4000","timestamp":"2024-09-25T19:57:33.814Z"}
{"level":"\u001b[32minfo\u001b[39m","message":"APP is running on PORT 4000","timestamp":"2024-09-25T19:57:35.667Z"}
{"level":"\u001b[32minfo\u001b[39m","message":"APP is running on PORT 4000","timestamp":"2024-09-25T19:57:38.505Z"}
{"level":"\u001b[32minfo\u001b[39m","message":"APP is running on PORT 4000","timestamp":"2024-09-25T19:57:40.834Z"}
{"level":"\u001b[32minfo\u001b[39m","message":"APP is running on PORT 4000","timestamp":"2024-09-25T19:57:58.735Z"}
{"level":"\u001b[32minfo\u001b[39m","message":"APP is running on PORT 4000","timestamp":"2024-09-25T19:58:00.697Z"}
{"level":"\u001b[32minfo\u001b[39m","message":"APP is running on PORT 4000","timestamp":"2024-09-25T19:58:03.722Z"}
{"level":"\u001b[32minfo\u001b[39m","message":"APP is running on PORT 4000","timestamp":"2024-09-25T19:58:26.924Z"}
{"level":"\u001b[32minfo\u001b[39m","message":"APP is running on PORT 4000","timestamp":"2024-09-25T19:58:34.195Z"}
{"level":"\u001b[32minfo\u001b[39m","message":"APP is running on PORT 4000","timestamp":"2024-09-25T19:58:41.455Z"}
{"level":"\u001b[32minfo\u001b[39m","message":"APP is running on PORT 4000","timestamp":"2024-09-25T19:58:43.974Z"}
{"level":"\u001b[32minfo\u001b[39m","message":"APP is running on PORT 4000","timestamp":"2024-09-25T19:58:46.913Z"}
{"level":"\u001b[32minfo\u001b[39m","message":"APP is running on PORT 4000","timestamp":"2024-09-25T19:58:53.709Z"}
{"level":"\u001b[32minfo\u001b[39m","message":"APP is running on PORT 4000","timestamp":"2024-09-25T19:58:58.205Z"}
{"level":"\u001b[32minfo\u001b[39m","message":"APP is running on PORT 4000","timestamp":"2024-09-25T19:59:02.539Z"}
{"level":"\u001b[32minfo\u001b[39m","message":"APP is running on PORT 4000","timestamp":"2024-09-25T19:59:09.420Z"}
{"level":"\u001b[32minfo\u001b[39m","message":"APP is running on PORT 4000","timestamp":"2024-09-25T19:59:17.584Z"}
{"level":"\u001b[32minfo\u001b[39m","message":"APP is running on PORT 4000","timestamp":"2024-09-25T19:59:19.466Z"}
{"level":"\u001b[32minfo\u001b[39m","message":"APP is running on PORT 4000","timestamp":"2024-09-25T19:59:20.544Z"}
{"level":"\u001b[32minfo\u001b[39m","message":"APP is running on PORT 4000","timestamp":"2024-09-25T19:59:29.219Z"}
{"level":"\u001b[32minfo\u001b[39m","message":"APP is running on PORT 4000","timestamp":"2024-09-25T19:59:30.980Z"}
{"level":"\u001b[32minfo\u001b[39m","message":"APP is running on PORT 4000","timestamp":"2024-09-25T19:59:43.949Z"}
{"level":"\u001b[32minfo\u001b[39m","message":"APP is running on PORT 4000","timestamp":"2024-09-25T19:59:47.697Z"}
{"level":"\u001b[32minfo\u001b[39m","message":"APP is running on PORT 4000","timestamp":"2024-09-25T20:03:34.927Z"}
{"level":"\u001b[32minfo\u001b[39m","message":"APP is running on PORT 4000","timestamp":"2024-09-25T20:03:38.293Z"}
{"level":"\u001b[32minfo\u001b[39m","message":"APP is running on PORT 4000","timestamp":"2024-09-25T20:03:58.102Z"}
{"level":"\u001b[32minfo\u001b[39m","message":"APP is running on PORT 4000","timestamp":"2024-09-25T20:04:00.942Z"}
{"level":"\u001b[32minfo\u001b[39m","message":"APP is running on PORT 4000","timestamp":"2024-09-25T20:04:06.532Z"}
{"level":"\u001b[32minfo\u001b[39m","message":"APP is running on PORT 4000","timestamp":"2024-09-25T20:04:15.469Z"}
{"level":"\u001b[32minfo\u001b[39m","message":"APP is running on PORT 4000","timestamp":"2024-09-25T20:04:19.280Z"}
{"level":"\u001b[32minfo\u001b[39m","message":"APP is running on PORT 4000","timestamp":"2024-09-25T20:04:55.474Z"}
{"level":"\u001b[32minfo\u001b[39m","message":"APP is running on PORT 4000","timestamp":"2024-09-25T20:05:00.980Z"}
{"level":"\u001b[32minfo\u001b[39m","message":"APP is running on PORT 4000","timestamp":"2024-09-25T20:05:04.045Z"}
{"level":"\u001b[32minfo\u001b[39m","message":"APP is running on PORT 4000","timestamp":"2024-09-25T20:05:06.877Z"}
{"level":"\u001b[32minfo\u001b[39m","message":"APP is running on PORT 4000","timestamp":"2024-09-25T20:05:10.961Z"}
{"level":"\u001b[32minfo\u001b[39m","message":"APP is running on PORT 4000","timestamp":"2024-09-25T20:05:18.144Z"}
{"level":"\u001b[32minfo\u001b[39m","message":"APP is running on PORT 4000","timestamp":"2024-09-25T20:05:26.575Z"}
{"level":"\u001b[32minfo\u001b[39m","message":"APP is running on PORT 4000","timestamp":"2024-09-25T20:05:35.730Z"}
{"level":"\u001b[32minfo\u001b[39m","message":"APP is running on PORT 4000","timestamp":"2024-09-25T20:05:37.302Z"}
{"level":"\u001b[32minfo\u001b[39m","message":"APP is running on PORT 4000","timestamp":"2024-09-25T20:05:40.185Z"}
{"level":"\u001b[32minfo\u001b[39m","message":"APP is running on PORT 4000","timestamp":"2024-09-25T20:06:42.620Z"}
{"level":"\u001b[32minfo\u001b[39m","message":"APP is running on PORT 4000","timestamp":"2024-09-25T20:07:02.901Z"}
{"level":"\u001b[32minfo\u001b[39m","message":"APP is running on PORT 4000","timestamp":"2024-09-25T20:09:25.615Z"}
