{"level":"\u001b[32minfo\u001b[39m","message":"Hello","timestamp":"2024-09-25T17:24:00.751Z"}
{"level":"\u001b[33mwarn\u001b[39m","message":"Hello","timestamp":"2024-09-25T17:24:07.495Z"}
{"level":"\u001b[32minfo\u001b[39m","message":"Hey","timestamp":"2024-09-25T17:39:44.688Z"}
{"level":"\u001b[32minfo\u001b[39m","message":"Hey ","timestamp":"2024-09-25T17:40:50.625Z"}
{"level":"\u001b[32minfo\u001b[39m","message":"APP is running on PORT 4000","timestamp":"2024-09-25T17:40:58.512Z"}
{"level":"\u001b[32minfo\u001b[39m","message":"APP is running on PORT 4000","timestamp":"2024-09-25T17:41:13.839Z"}
{"level":"\u001b[32minfo\u001b[39m","message":"APP is running on PORT 3000","timestamp":"2024-09-25T17:42:57.405Z"}
{"level":"\u001b[32minfo\u001b[39m","message":"APP is running on PORT 4000","timestamp":"2024-09-25T17:43:02.267Z"}
{"level":"\u001b[32minfo\u001b[39m","message":"APP is running on PORT 4000","timestamp":"2024-09-25T17:43:10.357Z"}
{"level":"\u001b[32minfo\u001b[39m","message":"APP is running on PORT 4000","timestamp":"2024-09-25T17:43:13.663Z"}
{"level":"\u001b[33mwarn\u001b[39m","message":"","timestamp":"2024-09-25T17:43:27.834Z"}
{"level":"\u001b[32minfo\u001b[39m","message":"APP is running on PORT 4000","timestamp":"2024-09-25T17:43:27.849Z"}
{"level":"\u001b[33mwarn\u001b[39m","timestamp":"2024-09-25T17:43:31.254Z"}
{"level":"\u001b[32minfo\u001b[39m","message":"APP is running on PORT 4000","timestamp":"2024-09-25T17:43:31.264Z"}
{"level":"\u001b[33mwarn\u001b[39m","message":{"ALLUSERSPROFILE":"C:\\ProgramData","APPDATA":"C:\\Users\\My Dell\\AppData\\Roaming","CHROME_CRASHPAD_PIPE_NAME":"\\\\.\\pipe\\crashpad_8088_TRLRYVHVFRRPZOUN","COLOR":"1","COLORTERM":"truecolor","COMPUTERNAME":"DESKTOP-DUKTTVQ","ComSpec":"C:\\WINDOWS\\system32\\cmd.exe","CommonProgramFiles":"C:\\Program Files\\Common Files","CommonProgramFiles(x86)":"C:\\Program Files (x86)\\Common Files","CommonProgramW6432":"C:\\Program Files\\Common Files","DriverData":"C:\\Windows\\System32\\Drivers\\DriverData","EDITOR":"C:\\WINDOWS\\notepad.exe","FPS_BROWSER_APP_PROFILE_STRING":"Internet Explorer","FPS_BROWSER_USER_PROFILE_STRING":"Default","GIT_ASKPASS":"c:\\Users\\My Dell\\AppData\\Local\\Programs\\Microsoft VS Code\\resources\\app\\extensions\\git\\dist\\askpass.sh","HOME":"C:\\Users\\My Dell","HOMEDRIVE":"C:","HOMEPATH":"\\Users\\My Dell","INIT_CWD":"C:\\Users\\My Dell\\Desktop\\Backend\\vidTube","LANG":"en_US.UTF-8","LOCALAPPDATA":"C:\\Users\\My Dell\\AppData\\Local","LOGONSERVER":"\\\\DESKTOP-DUKTTVQ","NODE":"C:\\Program Files\\nodejs\\node.exe","NODE_EXE":"C:\\Program Files\\nodejs\\\\node.exe","NPM_CLI_JS":"C:\\Program Files\\nodejs\\\\node_modules\\npm\\bin\\npm-cli.js","NPM_PREFIX_NPM_CLI_JS":"C:\\Users\\My Dell\\AppData\\Roaming\\npm\\node_modules\\npm\\bin\\npm-cli.js","NUMBER_OF_PROCESSORS":"4","ORIGINAL_XDG_CURRENT_DESKTOP":"undefined","OS":"Windows_NT","OneDrive":"C:\\Users\\My Dell\\OneDrive","PATHEXT":".COM;.EXE;.BAT;.CMD;.VBS;.VBE;.JS;.JSE;.WSF;.WSH;.MSC;.CPL","PROCESSOR_ARCHITECTURE":"AMD64","PROCESSOR_IDENTIFIER":"Intel64 Family 6 Model 69 Stepping 1, GenuineIntel","PROCESSOR_LEVEL":"6","PROCESSOR_REVISION":"4501","PROMPT":"$P$G","PSModulePath":"C:\\Users\\My Dell\\Documents\\WindowsPowerShell\\Modules;C:\\Program Files\\WindowsPowerShell\\Modules;C:\\WINDOWS\\system32\\WindowsPowerShell\\v1.0\\Modules","PUBLIC":"C:\\Users\\Public","Path":"C:\\Users\\My Dell\\Desktop\\Backend\\vidTube\\node_modules\\.bin;C:\\Users\\My Dell\\Desktop\\Backend\\node_modules\\.bin;C:\\Users\\My Dell\\Desktop\\node_modules\\.bin;C:\\Users\\My Dell\\node_modules\\.bin;C:\\Users\\node_modules\\.bin;C:\\node_modules\\.bin;C:\\Program Files\\nodejs\\node_modules\\npm\\node_modules\\@npmcli\\run-script\\lib\\node-gyp-bin;C:\\WINDOWS\\system32;C:\\WINDOWS;C:\\WINDOWS\\System32\\Wbem;C:\\WINDOWS\\System32\\WindowsPowerShell\\v1.0\\;C:\\WINDOWS\\System32\\OpenSSH\\;C:\\Program Files\\nodejs\\;C:\\Program Files\\Git\\cmd;C:\\Program Files (x86)\\dotnet\\;C:\\Users\\My Dell\\AppData\\Local\\Programs\\Python\\Python312\\Scripts\\;C:\\Users\\My Dell\\AppData\\Local\\Programs\\Python\\Python312\\;C:\\Users\\My Dell\\AppData\\Local\\Microsoft\\WindowsApps;C:\\Program Files\\JetBrains\\PyCharm 2023.2.2\\bin;;C:\\Users\\My Dell\\AppData\\Local\\Programs\\Microsoft VS Code\\bin;C:\\Users\\My Dell\\AppData\\Roaming\\npm;C:\\Users\\My Dell\\AppData\\Local\\GitHubDesktop\\bin;C:\\Users\\My Dell\\.bun\\bin;","ProgramData":"C:\\ProgramData","ProgramFiles":"C:\\Program Files","ProgramFiles(x86)":"C:\\Program Files (x86)","ProgramW6432":"C:\\Program Files","PyCharm":"C:\\Program Files\\JetBrains\\PyCharm 2023.2.2\\bin;","SESSIONNAME":"Console","SystemDrive":"C:","SystemRoot":"C:\\WINDOWS","TEMP":"C:\\Users\\MYDELL~1\\AppData\\Local\\Temp","TERM_PROGRAM":"vscode","TERM_PROGRAM_VERSION":"1.86.2","TMP":"C:\\Users\\MYDELL~1\\AppData\\Local\\Temp","USERDOMAIN":"DESKTOP-DUKTTVQ","USERDOMAIN_ROAMINGPROFILE":"DESKTOP-DUKTTVQ","USERNAME":"My Dell","USERPROFILE":"C:\\Users\\My Dell","VSCODE_GIT_ASKPASS_EXTRA_ARGS":"","VSCODE_GIT_ASKPASS_MAIN":"c:\\Users\\My Dell\\AppData\\Local\\Programs\\Microsoft VS Code\\resources\\app\\extensions\\git\\dist\\askpass-main.js","VSCODE_GIT_ASKPASS_NODE":"C:\\Users\\My Dell\\AppData\\Local\\Programs\\Microsoft VS Code\\Code.exe","VSCODE_GIT_IPC_HANDLE":"\\\\.\\pipe\\vscode-git-135d2bae15-sock","VSCODE_INJECTION":"1","npm_command":"run-script","npm_config_cache":"C:\\Users\\My Dell\\AppData\\Local\\npm-cache","npm_config_global_prefix":"C:\\Users\\My Dell\\AppData\\Roaming\\npm","npm_config_globalconfig":"C:\\Users\\My Dell\\AppData\\Roaming\\npm\\etc\\npmrc","npm_config_init_module":"C:\\Users\\My Dell\\.npm-init.js","npm_config_local_prefix":"C:\\Users\\My Dell\\Desktop\\Backend\\vidTube","npm_config_node_gyp":"C:\\Program Files\\nodejs\\node_modules\\npm\\node_modules\\node-gyp\\bin\\node-gyp.js","npm_config_noproxy":"","npm_config_npm_version":"10.2.3","npm_config_prefix":"C:\\Users\\My Dell\\AppData\\Roaming\\npm","npm_config_user_agent":"npm/10.2.3 node/v20.10.0 win32 x64 workspaces/false","npm_config_userconfig":"C:\\Users\\My Dell\\.npmrc","npm_execpath":"C:\\Program Files\\nodejs\\node_modules\\npm\\bin\\npm-cli.js","npm_lifecycle_event":"dev","npm_lifecycle_script":"nodemon src/index.js","npm_node_execpath":"C:\\Program Files\\nodejs\\node.exe","npm_package_json":"C:\\Users\\My Dell\\Desktop\\Backend\\vidTube\\package.json","npm_package_name":"vidtube","npm_package_version":"1.0.0","windir":"C:\\WINDOWS"},"timestamp":"2024-09-25T17:43:32.528Z"}
{"level":"\u001b[32minfo\u001b[39m","message":"APP is running on PORT 4000","timestamp":"2024-09-25T17:43:32.538Z"}
{"level":"\u001b[33mwarn\u001b[39m","timestamp":"2024-09-25T17:43:36.528Z"}
{"level":"\u001b[32minfo\u001b[39m","message":"APP is running on PORT 4000","timestamp":"2024-09-25T17:43:36.540Z"}
{"level":"\u001b[33mwarn\u001b[39m","timestamp":"2024-09-25T17:43:40.834Z"}
{"level":"\u001b[32minfo\u001b[39m","message":"APP is running on PORT 4000","timestamp":"2024-09-25T17:43:40.843Z"}
{"level":"\u001b[33mwarn\u001b[39m","timestamp":"2024-09-25T17:43:43.881Z"}
{"level":"\u001b[32minfo\u001b[39m","message":"APP is running on PORT 4000","timestamp":"2024-09-25T17:43:43.892Z"}
{"level":"\u001b[32minfo\u001b[39m","message":"APP is running on PORT 4000","timestamp":"2024-09-25T17:43:51.575Z"}
{"level":"\u001b[32minfo\u001b[39m","message":"APP is running on PORT 4000","timestamp":"2024-09-25T17:45:13.800Z"}
{"level":"\u001b[32minfo\u001b[39m","message":"APP is running on PORT 4000","timestamp":"2024-09-25T17:49:29.787Z"}
{"level":"\u001b[32minfo\u001b[39m","message":"APP is running on PORT 400","timestamp":"2024-09-25T17:49:33.858Z"}
{"level":"\u001b[32minfo\u001b[39m","message":"APP is running on PORT 4000","timestamp":"2024-09-25T17:49:40.075Z"}
{"level":"\u001b[32minfo\u001b[39m","message":"APP is running on PORT 4000","timestamp":"2024-09-25T17:49:46.249Z"}
{"level":"\u001b[32minfo\u001b[39m","message":"APP is running on PORT 4000","timestamp":"2024-09-25T17:49:49.910Z"}
{"level":"\u001b[32minfo\u001b[39m","message":"APP is running on PORT 4000","timestamp":"2024-09-25T17:49:54.103Z"}
{"level":"\u001b[32minfo\u001b[39m","message":"APP is running on PORT 4000","timestamp":"2024-09-25T17:50:42.338Z"}
{"level":"\u001b[32minfo\u001b[39m","message":"APP is running on PORT 4000","timestamp":"2024-09-25T17:50:43.318Z"}
{"level":"\u001b[32minfo\u001b[39m","message":"APP is running on PORT 4000","timestamp":"2024-09-25T17:50:47.983Z"}
{"level":"\u001b[32minfo\u001b[39m","message":"APP is running on PORT 4000","timestamp":"2024-09-25T19:35:11.384Z"}
{"level":"\u001b[32minfo\u001b[39m","message":"APP is running on PORT 4000","timestamp":"2024-09-25T19:36:06.162Z"}
{"level":"\u001b[32minfo\u001b[39m","message":"APP is running on PORT 4000","timestamp":"2024-09-25T19:36:23.078Z"}
{"level":"\u001b[32minfo\u001b[39m","message":"APP is running on PORT 4000","timestamp":"2024-09-25T19:36:52.654Z"}
{"level":"\u001b[32minfo\u001b[39m","message":"APP is running on PORT 4000","timestamp":"2024-09-25T19:37:00.929Z"}
{"level":"\u001b[32minfo\u001b[39m","message":"APP is running on PORT 4000","timestamp":"2024-09-25T19:37:19.535Z"}
{"level":"\u001b[32minfo\u001b[39m","message":"APP is running on PORT 4000","timestamp":"2024-09-25T19:37:21.571Z"}
{"level":"\u001b[32minfo\u001b[39m","message":"APP is running on PORT 4000","timestamp":"2024-09-25T19:37:22.932Z"}
{"level":"\u001b[32minfo\u001b[39m","message":"APP is running on PORT 4000","timestamp":"2024-09-25T19:38:10.340Z"}
{"level":"\u001b[32minfo\u001b[39m","message":"APP is running on PORT 4000","timestamp":"2024-09-25T19:38:12.611Z"}
{"level":"\u001b[32minfo\u001b[39m","message":"APP is running on PORT 4000","timestamp":"2024-09-25T19:38:16.066Z"}
{"level":"\u001b[32minfo\u001b[39m","message":"APP is running on PORT 4000","timestamp":"2024-09-25T19:39:15.721Z"}
{"level":"\u001b[32minfo\u001b[39m","message":"APP is running on PORT 4000","timestamp":"2024-09-25T19:40:51.729Z"}
{"level":"\u001b[32minfo\u001b[39m","message":"APP is running on PORT 4000","timestamp":"2024-09-25T19:41:03.547Z"}
{"level":"\u001b[32minfo\u001b[39m","message":"APP is running on PORT 4000","timestamp":"2024-09-25T19:41:15.362Z"}
{"level":"\u001b[32minfo\u001b[39m","message":"APP is running on PORT 4000","timestamp":"2024-09-25T19:41:16.877Z"}
{"level":"\u001b[32minfo\u001b[39m","message":"APP is running on PORT 4000","timestamp":"2024-09-25T19:41:20.193Z"}
{"level":"\u001b[32minfo\u001b[39m","message":"APP is running on PORT 4000","timestamp":"2024-09-25T19:41:31.167Z"}
{"level":"\u001b[32minfo\u001b[39m","message":"APP is running on PORT 4000","timestamp":"2024-09-25T19:41:43.797Z"}
{"level":"\u001b[32minfo\u001b[39m","message":"APP is running on PORT 4000","timestamp":"2024-09-25T19:41:46.254Z"}
{"level":"\u001b[32minfo\u001b[39m","message":"APP is running on PORT 4000","timestamp":"2024-09-25T19:41:52.535Z"}
{"level":"\u001b[32minfo\u001b[39m","message":"APP is running on PORT 4000","timestamp":"2024-09-25T19:41:55.392Z"}
{"level":"\u001b[32minfo\u001b[39m","message":"APP is running on PORT 4000","timestamp":"2024-09-25T19:42:18.250Z"}
{"level":"\u001b[32minfo\u001b[39m","message":"APP is running on PORT 4000","timestamp":"2024-09-25T19:42:31.358Z"}
{"level":"\u001b[32minfo\u001b[39m","message":"APP is running on PORT 4000","timestamp":"2024-09-25T19:43:10.820Z"}
{"level":"\u001b[32minfo\u001b[39m","message":"APP is running on PORT 4000","timestamp":"2024-09-25T19:43:14.828Z"}
{"level":"\u001b[32minfo\u001b[39m","message":"APP is running on PORT 4000","timestamp":"2024-09-25T19:55:03.639Z"}
{"level":"\u001b[32minfo\u001b[39m","message":"APP is running on PORT 4000","timestamp":"2024-09-25T19:55:08.151Z"}
{"level":"\u001b[32minfo\u001b[39m","message":"APP is running on PORT 4000","timestamp":"2024-09-25T19:55:14.861Z"}
{"level":"\u001b[32minfo\u001b[39m","message":"APP is running on PORT 4000","timestamp":"2024-09-25T19:55:16.271Z"}
{"level":"\u001b[32minfo\u001b[39m","message":"APP is running on PORT 4000","timestamp":"2024-09-25T19:55:17.393Z"}
{"level":"\u001b[32minfo\u001b[39m","message":"APP is running on PORT 4000","timestamp":"2024-09-25T19:55:18.691Z"}
{"level":"\u001b[32minfo\u001b[39m","message":"APP is running on PORT 4000","timestamp":"2024-09-25T19:55:31.145Z"}
{"level":"\u001b[32minfo\u001b[39m","message":"APP is running on PORT 4000","timestamp":"2024-09-25T19:55:35.728Z"}
{"level":"\u001b[32minfo\u001b[39m","message":"APP is running on PORT 4000","timestamp":"2024-09-25T19:56:48.717Z"}
{"level":"\u001b[32minfo\u001b[39m","message":"APP is running on PORT 4000","timestamp":"2024-09-25T19:56:55.865Z"}
{"level":"\u001b[32minfo\u001b[39m","message":"APP is running on PORT 4000","timestamp":"2024-09-25T19:56:57.678Z"}
{"level":"\u001b[32minfo\u001b[39m","message":"APP is running on PORT 4000","timestamp":"2024-09-25T19:57:03.320Z"}
{"level":"\u001b[32minfo\u001b[39m","message":"APP is running on PORT 4000","timestamp":"2024-09-25T19:57:06.521Z"}
{"level":"\u001b[32minfo\u001b[39m","message":"APP is running on PORT 4000","timestamp":"2024-09-25T19:57:21.471Z"}
{"level":"\u001b[32minfo\u001b[39m","message":"APP is running on PORT 4000","timestamp":"2024-09-25T19:57:23.821Z"}
{"level":"\u001b[32minfo\u001b[39m","message":"APP is running on PORT 4000","timestamp":"2024-09-25T19:57:26.171Z"}
{"level":"\u001b[32minfo\u001b[39m","message":"APP is running on PORT 4000","timestamp":"2024-09-25T19:57:32.586Z"}
{"level":"\u001b[32minfo\u001b[39m","message":"APP is running on PORT 4000","timestamp":"2024-09-25T19:57:33.814Z"}
{"level":"\u001b[32minfo\u001b[39m","message":"APP is running on PORT 4000","timestamp":"2024-09-25T19:57:35.667Z"}
{"level":"\u001b[32minfo\u001b[39m","message":"APP is running on PORT 4000","timestamp":"2024-09-25T19:57:38.505Z"}
{"level":"\u001b[32minfo\u001b[39m","message":"APP is running on PORT 4000","timestamp":"2024-09-25T19:57:40.834Z"}
{"level":"\u001b[32minfo\u001b[39m","message":"APP is running on PORT 4000","timestamp":"2024-09-25T19:57:58.735Z"}
{"level":"\u001b[32minfo\u001b[39m","message":"APP is running on PORT 4000","timestamp":"2024-09-25T19:58:00.697Z"}
{"level":"\u001b[32minfo\u001b[39m","message":"APP is running on PORT 4000","timestamp":"2024-09-25T19:58:03.722Z"}
{"level":"\u001b[32minfo\u001b[39m","message":"APP is running on PORT 4000","timestamp":"2024-09-25T19:58:26.924Z"}
{"level":"\u001b[32minfo\u001b[39m","message":"APP is running on PORT 4000","timestamp":"2024-09-25T19:58:34.195Z"}
{"level":"\u001b[32minfo\u001b[39m","message":"APP is running on PORT 4000","timestamp":"2024-09-25T19:58:41.455Z"}
{"level":"\u001b[32minfo\u001b[39m","message":"APP is running on PORT 4000","timestamp":"2024-09-25T19:58:43.974Z"}
{"level":"\u001b[32minfo\u001b[39m","message":"APP is running on PORT 4000","timestamp":"2024-09-25T19:58:46.913Z"}
{"level":"\u001b[32minfo\u001b[39m","message":"APP is running on PORT 4000","timestamp":"2024-09-25T19:58:53.709Z"}
{"level":"\u001b[32minfo\u001b[39m","message":"APP is running on PORT 4000","timestamp":"2024-09-25T19:58:58.205Z"}
{"level":"\u001b[32minfo\u001b[39m","message":"APP is running on PORT 4000","timestamp":"2024-09-25T19:59:02.539Z"}
{"level":"\u001b[32minfo\u001b[39m","message":"APP is running on PORT 4000","timestamp":"2024-09-25T19:59:09.420Z"}
{"level":"\u001b[32minfo\u001b[39m","message":"APP is running on PORT 4000","timestamp":"2024-09-25T19:59:17.584Z"}
{"level":"\u001b[32minfo\u001b[39m","message":"APP is running on PORT 4000","timestamp":"2024-09-25T19:59:19.466Z"}
{"level":"\u001b[32minfo\u001b[39m","message":"APP is running on PORT 4000","timestamp":"2024-09-25T19:59:20.544Z"}
{"level":"\u001b[32minfo\u001b[39m","message":"APP is running on PORT 4000","timestamp":"2024-09-25T19:59:29.219Z"}
{"level":"\u001b[32minfo\u001b[39m","message":"APP is running on PORT 4000","timestamp":"2024-09-25T19:59:30.980Z"}
{"level":"\u001b[32minfo\u001b[39m","message":"APP is running on PORT 4000","timestamp":"2024-09-25T19:59:43.949Z"}
{"level":"\u001b[32minfo\u001b[39m","message":"APP is running on PORT 4000","timestamp":"2024-09-25T19:59:47.697Z"}
{"level":"\u001b[32minfo\u001b[39m","message":"APP is running on PORT 4000","timestamp":"2024-09-25T20:03:34.927Z"}
{"level":"\u001b[32minfo\u001b[39m","message":"APP is running on PORT 4000","timestamp":"2024-09-25T20:03:38.293Z"}
{"level":"\u001b[32minfo\u001b[39m","message":"APP is running on PORT 4000","timestamp":"2024-09-25T20:03:58.102Z"}
{"level":"\u001b[32minfo\u001b[39m","message":"APP is running on PORT 4000","timestamp":"2024-09-25T20:04:00.942Z"}
{"level":"\u001b[32minfo\u001b[39m","message":"APP is running on PORT 4000","timestamp":"2024-09-25T20:04:06.532Z"}
{"level":"\u001b[32minfo\u001b[39m","message":"APP is running on PORT 4000","timestamp":"2024-09-25T20:04:15.469Z"}
{"level":"\u001b[32minfo\u001b[39m","message":"APP is running on PORT 4000","timestamp":"2024-09-25T20:04:19.280Z"}
{"level":"\u001b[32minfo\u001b[39m","message":"APP is running on PORT 4000","timestamp":"2024-09-25T20:04:55.474Z"}
{"level":"\u001b[32minfo\u001b[39m","message":"APP is running on PORT 4000","timestamp":"2024-09-25T20:05:00.980Z"}
{"level":"\u001b[32minfo\u001b[39m","message":"APP is running on PORT 4000","timestamp":"2024-09-25T20:05:04.045Z"}
{"level":"\u001b[32minfo\u001b[39m","message":"APP is running on PORT 4000","timestamp":"2024-09-25T20:05:06.877Z"}
{"level":"\u001b[32minfo\u001b[39m","message":"APP is running on PORT 4000","timestamp":"2024-09-25T20:05:10.961Z"}
{"level":"\u001b[32minfo\u001b[39m","message":"APP is running on PORT 4000","timestamp":"2024-09-25T20:05:18.144Z"}
{"level":"\u001b[32minfo\u001b[39m","message":"APP is running on PORT 4000","timestamp":"2024-09-25T20:05:26.575Z"}
{"level":"\u001b[32minfo\u001b[39m","message":"APP is running on PORT 4000","timestamp":"2024-09-25T20:05:35.730Z"}
{"level":"\u001b[32minfo\u001b[39m","message":"APP is running on PORT 4000","timestamp":"2024-09-25T20:05:37.302Z"}
{"level":"\u001b[32minfo\u001b[39m","message":"APP is running on PORT 4000","timestamp":"2024-09-25T20:05:40.185Z"}
{"level":"\u001b[32minfo\u001b[39m","message":"APP is running on PORT 4000","timestamp":"2024-09-25T20:06:42.620Z"}
{"level":"\u001b[32minfo\u001b[39m","message":"APP is running on PORT 4000","timestamp":"2024-09-25T20:07:02.901Z"}
{"level":"\u001b[32minfo\u001b[39m","message":"APP is running on PORT 4000","timestamp":"2024-09-25T20:09:25.615Z"}
{"level":"\u001b[31merror\u001b[39m","message":"APP is running on PORT 4000","timestamp":"2024-09-25T21:05:21.950Z"}
{"level":"\u001b[32minfo\u001b[39m","message":"APP is running on PORT 4000","timestamp":"2024-09-25T21:05:34.326Z"}
{"level":"\u001b[32minfo\u001b[39m","message":"APP is running on PORT 4000","timestamp":"2024-09-28T14:54:56.052Z"}
{"level":"\u001b[32minfo\u001b[39m","message":"APP is running on PORT 4000","timestamp":"2024-09-28T14:56:20.095Z"}
{"level":"\u001b[32minfo\u001b[39m","message":"APP is running on PORT 4000","timestamp":"2024-09-28T14:56:39.352Z"}
{"level":"\u001b[32minfo\u001b[39m","message":"APP is running on PORT 4000","timestamp":"2024-09-28T14:56:59.003Z"}
{"level":"\u001b[32minfo\u001b[39m","message":"APP is running on PORT 4000","timestamp":"2024-09-28T14:57:07.106Z"}
{"level":"\u001b[32minfo\u001b[39m","message":"APP is running on PORT 4000","timestamp":"2024-09-28T14:57:14.695Z"}
{"level":"\u001b[32minfo\u001b[39m","message":"APP is running on PORT 4000","timestamp":"2024-09-28T14:57:20.519Z"}
{"level":"\u001b[32minfo\u001b[39m","message":"APP is running on PORT 4000","timestamp":"2024-09-28T14:57:25.019Z"}
{"level":"\u001b[32minfo\u001b[39m","message":"APP is running on PORT 4000","timestamp":"2024-09-28T14:58:05.058Z"}
{"level":"\u001b[32minfo\u001b[39m","message":"APP is running on PORT 4000","timestamp":"2024-09-28T14:58:10.888Z"}
{"level":"\u001b[32minfo\u001b[39m","message":"APP is running on PORT 4000","timestamp":"2024-09-28T14:58:16.596Z"}
{"level":"\u001b[32minfo\u001b[39m","message":"APP is running on PORT 4000","timestamp":"2024-09-28T14:58:18.662Z"}
{"level":"\u001b[32minfo\u001b[39m","message":"APP is running on PORT 4000","timestamp":"2024-09-28T14:58:24.069Z"}
{"level":"\u001b[32minfo\u001b[39m","message":"APP is running on PORT 4000","timestamp":"2024-09-28T14:58:26.472Z"}
{"level":"\u001b[32minfo\u001b[39m","message":"APP is running on PORT 4000","timestamp":"2024-09-28T14:58:38.863Z"}
{"level":"\u001b[32minfo\u001b[39m","message":"APP is running on PORT 4000","timestamp":"2024-09-28T14:58:46.029Z"}
{"level":"\u001b[32minfo\u001b[39m","message":"APP is running on PORT 4000","timestamp":"2024-09-28T14:58:48.381Z"}
{"level":"\u001b[32minfo\u001b[39m","message":"APP is running on PORT 4000","timestamp":"2024-09-28T14:58:55.009Z"}
{"level":"\u001b[32minfo\u001b[39m","message":"APP is running on PORT 4000","timestamp":"2024-09-28T14:59:06.374Z"}
{"level":"\u001b[32minfo\u001b[39m","message":"APP is running on PORT 4000","timestamp":"2024-09-28T14:59:13.146Z"}
{"level":"\u001b[32minfo\u001b[39m","message":"APP is running on PORT 4000","timestamp":"2024-09-28T14:59:16.661Z"}
{"level":"\u001b[32minfo\u001b[39m","message":"APP is running on PORT 4000","timestamp":"2024-09-28T14:59:21.691Z"}
{"level":"\u001b[32minfo\u001b[39m","message":"APP is running on PORT 4000","timestamp":"2024-09-28T14:59:25.347Z"}
{"level":"\u001b[32minfo\u001b[39m","message":"APP is running on PORT 4000","timestamp":"2024-09-28T14:59:27.876Z"}
{"level":"\u001b[32minfo\u001b[39m","message":"APP is running on PORT 4000","timestamp":"2024-09-28T14:59:31.020Z"}
{"level":"\u001b[32minfo\u001b[39m","message":"APP is running on PORT 4000","timestamp":"2024-09-28T14:59:40.717Z"}
{"level":"\u001b[32minfo\u001b[39m","message":"APP is running on PORT 4000","timestamp":"2024-09-28T14:59:44.173Z"}
{"level":"\u001b[32minfo\u001b[39m","message":"APP is running on PORT 4000","timestamp":"2024-09-28T14:59:48.020Z"}
{"level":"\u001b[32minfo\u001b[39m","message":"APP is running on PORT 4000","timestamp":"2024-09-28T15:00:33.295Z"}
{"level":"\u001b[32minfo\u001b[39m","message":"APP is running on PORT 4000","timestamp":"2024-09-28T15:00:38.810Z"}
{"level":"\u001b[32minfo\u001b[39m","message":"APP is running on PORT 4000","timestamp":"2024-09-28T15:00:44.807Z"}
{"level":"\u001b[32minfo\u001b[39m","message":"APP is running on PORT 4000","timestamp":"2024-09-28T15:01:40.352Z"}
{"level":"\u001b[32minfo\u001b[39m","message":"APP is running on PORT 4000","timestamp":"2024-09-28T15:01:47.637Z"}
{"level":"\u001b[32minfo\u001b[39m","message":"APP is running on PORT 4000","timestamp":"2024-09-28T15:01:52.499Z"}
{"level":"\u001b[32minfo\u001b[39m","message":"APP is running on PORT 4000","timestamp":"2024-09-28T15:01:56.631Z"}
{"level":"\u001b[32minfo\u001b[39m","message":"APP is running on PORT 4000","timestamp":"2024-09-28T15:01:59.264Z"}
{"level":"\u001b[32minfo\u001b[39m","message":"APP is running on PORT 4000","timestamp":"2024-09-28T15:02:19.372Z"}
{"level":"\u001b[32minfo\u001b[39m","message":"APP is running on PORT 4000","timestamp":"2024-09-28T15:02:57.400Z"}
{"level":"\u001b[32minfo\u001b[39m","message":"APP is running on PORT 4000","timestamp":"2024-09-28T15:03:01.805Z"}
{"level":"\u001b[32minfo\u001b[39m","message":"APP is running on PORT 4000","timestamp":"2024-09-28T15:03:12.886Z"}
{"level":"\u001b[32minfo\u001b[39m","message":"APP is running on PORT 4000","timestamp":"2024-09-28T15:03:15.542Z"}
{"level":"\u001b[32minfo\u001b[39m","message":"APP is running on PORT 4000","timestamp":"2024-09-28T15:03:26.628Z"}
{"level":"\u001b[32minfo\u001b[39m","message":"APP is running on PORT 4000","timestamp":"2024-09-28T15:03:30.047Z"}
{"level":"\u001b[32minfo\u001b[39m","message":"APP is running on PORT 4000","timestamp":"2024-09-28T15:03:45.518Z"}
{"level":"\u001b[32minfo\u001b[39m","message":"APP is running on PORT 4000","timestamp":"2024-09-28T15:03:50.807Z"}
{"level":"\u001b[32minfo\u001b[39m","message":"APP is running on PORT 4000","timestamp":"2024-09-28T15:04:47.840Z"}
{"level":"\u001b[32minfo\u001b[39m","message":"APP is running on PORT 4000","timestamp":"2024-09-28T15:04:53.045Z"}
{"level":"\u001b[32minfo\u001b[39m","message":"APP is running on PORT 4000","timestamp":"2024-09-28T15:04:57.028Z"}
{"level":"\u001b[32minfo\u001b[39m","message":"APP is running on PORT 4000","timestamp":"2024-09-28T15:05:02.609Z"}
{"level":"\u001b[32minfo\u001b[39m","message":"APP is running on PORT 4000","timestamp":"2024-09-28T15:05:06.368Z"}
{"level":"\u001b[32minfo\u001b[39m","message":"APP is running on PORT 4000","timestamp":"2024-09-28T15:05:26.201Z"}
{"level":"\u001b[32minfo\u001b[39m","message":"APP is running on PORT 4000","timestamp":"2024-09-28T15:05:39.698Z"}
{"level":"\u001b[32minfo\u001b[39m","message":"APP is running on PORT 4000","timestamp":"2024-09-28T15:05:44.891Z"}
{"level":"\u001b[32minfo\u001b[39m","message":"APP is running on PORT 4000","timestamp":"2024-09-28T15:05:50.511Z"}
{"level":"\u001b[32minfo\u001b[39m","message":"APP is running on PORT 4000","timestamp":"2024-09-28T15:06:01.307Z"}
{"level":"\u001b[32minfo\u001b[39m","message":"APP is running on PORT 4000","timestamp":"2024-09-28T15:06:07.375Z"}
{"level":"\u001b[32minfo\u001b[39m","message":"APP is running on PORT 4000","timestamp":"2024-09-28T15:06:28.929Z"}
{"level":"\u001b[32minfo\u001b[39m","message":"APP is running on PORT 4000","timestamp":"2024-09-28T15:06:32.823Z"}
{"level":"\u001b[32minfo\u001b[39m","message":"APP is running on PORT 4000","timestamp":"2024-09-28T15:06:37.506Z"}
{"level":"\u001b[32minfo\u001b[39m","message":"APP is running on PORT 4000","timestamp":"2024-09-28T15:06:40.602Z"}
{"level":"\u001b[32minfo\u001b[39m","message":"APP is running on PORT 4000","timestamp":"2024-09-28T15:06:56.055Z"}
{"level":"\u001b[32minfo\u001b[39m","message":"APP is running on PORT 4000","timestamp":"2024-09-28T15:07:42.567Z"}
{"level":"\u001b[32minfo\u001b[39m","message":"APP is running on PORT 4000","timestamp":"2024-09-28T15:08:50.633Z"}
{"level":"\u001b[32minfo\u001b[39m","message":"APP is running on PORT 4000","timestamp":"2024-09-28T15:08:56.467Z"}
{"level":"\u001b[32minfo\u001b[39m","message":"APP is running on PORT 4000","timestamp":"2024-09-28T15:08:58.946Z"}
{"level":"\u001b[32minfo\u001b[39m","message":"APP is running on PORT 4000","timestamp":"2024-09-28T15:09:05.657Z"}
{"level":"\u001b[32minfo\u001b[39m","message":"APP is running on PORT 4000","timestamp":"2024-09-28T15:09:10.936Z"}
{"level":"\u001b[32minfo\u001b[39m","message":"APP is running on PORT 4000","timestamp":"2024-09-28T15:09:13.313Z"}
{"level":"\u001b[32minfo\u001b[39m","message":"APP is running on PORT 4000","timestamp":"2024-09-28T15:09:20.571Z"}
{"level":"\u001b[32minfo\u001b[39m","message":"APP is running on PORT 4000","timestamp":"2024-09-28T15:09:25.089Z"}
{"level":"\u001b[32minfo\u001b[39m","message":"APP is running on PORT 4000","timestamp":"2024-09-28T15:09:49.303Z"}
{"level":"\u001b[32minfo\u001b[39m","message":"APP is running on PORT 4000","timestamp":"2024-09-28T15:09:58.481Z"}
{"level":"\u001b[32minfo\u001b[39m","message":"APP is running on PORT 4000","timestamp":"2024-09-28T15:10:18.522Z"}
{"level":"\u001b[32minfo\u001b[39m","message":"APP is running on PORT 4000","timestamp":"2024-09-28T15:10:30.892Z"}
{"level":"\u001b[32minfo\u001b[39m","message":"APP is running on PORT 4000","timestamp":"2024-09-28T15:10:33.851Z"}
{"level":"\u001b[32minfo\u001b[39m","message":"APP is running on PORT 4000","timestamp":"2024-09-28T15:11:00.633Z"}
{"level":"\u001b[32minfo\u001b[39m","message":"APP is running on PORT 4000","timestamp":"2024-09-28T15:11:04.481Z"}
{"level":"\u001b[32minfo\u001b[39m","message":"APP is running on PORT 4000","timestamp":"2024-09-28T15:11:40.253Z"}
{"level":"\u001b[32minfo\u001b[39m","message":"APP is running on PORT 4000","timestamp":"2024-09-28T15:11:59.144Z"}
{"level":"\u001b[32minfo\u001b[39m","message":"APP is running on PORT 4000","timestamp":"2024-09-28T15:12:08.525Z"}
{"level":"\u001b[32minfo\u001b[39m","message":"APP is running on PORT 4000","timestamp":"2024-09-28T15:12:13.488Z"}
{"level":"\u001b[32minfo\u001b[39m","message":"APP is running on PORT 4000","timestamp":"2024-09-28T15:12:16.339Z"}
{"level":"\u001b[32minfo\u001b[39m","message":"APP is running on PORT 4000","timestamp":"2024-09-28T15:12:23.124Z"}
{"level":"\u001b[32minfo\u001b[39m","message":"APP is running on PORT 4000","timestamp":"2024-09-28T15:12:26.403Z"}
{"level":"\u001b[32minfo\u001b[39m","message":"APP is running on PORT 4000","timestamp":"2024-09-28T15:12:33.705Z"}
{"level":"\u001b[32minfo\u001b[39m","message":"APP is running on PORT 4000","timestamp":"2024-09-28T15:12:36.580Z"}
{"level":"\u001b[32minfo\u001b[39m","message":"APP is running on PORT 4000","timestamp":"2024-09-28T15:12:49.808Z"}
{"level":"\u001b[32minfo\u001b[39m","message":"APP is running on PORT 4000","timestamp":"2024-09-28T15:12:53.697Z"}
{"level":"\u001b[32minfo\u001b[39m","message":"APP is running on PORT 4000","timestamp":"2024-09-28T15:12:55.882Z"}
{"level":"\u001b[32minfo\u001b[39m","message":"APP is running on PORT 4000","timestamp":"2024-09-28T15:12:58.858Z"}
{"level":"\u001b[32minfo\u001b[39m","message":"APP is running on PORT 4000","timestamp":"2024-09-28T15:13:02.388Z"}
{"level":"\u001b[32minfo\u001b[39m","message":"APP is running on PORT 4000","timestamp":"2024-09-28T15:13:06.805Z"}
{"level":"\u001b[32minfo\u001b[39m","message":"APP is running on PORT 4000","timestamp":"2024-09-28T15:13:13.331Z"}
{"level":"\u001b[32minfo\u001b[39m","message":"APP is running on PORT 4000","timestamp":"2024-09-28T15:13:26.864Z"}
{"level":"\u001b[32minfo\u001b[39m","message":"APP is running on PORT 4000","timestamp":"2024-09-28T15:14:29.220Z"}
{"level":"\u001b[32minfo\u001b[39m","message":"APP is running on PORT 4000","timestamp":"2024-09-28T15:14:37.137Z"}
{"level":"\u001b[32minfo\u001b[39m","message":"APP is running on PORT 4000","timestamp":"2024-09-28T15:14:44.722Z"}
{"level":"\u001b[32minfo\u001b[39m","message":"APP is running on PORT 4000","timestamp":"2024-09-28T15:16:22.904Z"}
{"level":"\u001b[32minfo\u001b[39m","message":"APP is running on PORT 4000","timestamp":"2024-09-28T15:16:27.343Z"}
{"level":"\u001b[32minfo\u001b[39m","message":"APP is running on PORT 4000","timestamp":"2024-09-28T15:16:31.790Z"}
{"level":"\u001b[32minfo\u001b[39m","message":"APP is running on PORT 4000","timestamp":"2024-09-28T15:16:34.036Z"}
{"level":"\u001b[32minfo\u001b[39m","message":"APP is running on PORT 4000","timestamp":"2024-09-28T15:16:36.717Z"}
{"level":"\u001b[32minfo\u001b[39m","message":"APP is running on PORT 4000","timestamp":"2024-09-28T15:16:43.732Z"}
{"level":"\u001b[32minfo\u001b[39m","message":"APP is running on PORT 4000","timestamp":"2024-09-28T15:16:55.277Z"}
{"level":"\u001b[32minfo\u001b[39m","message":"APP is running on PORT 4000","timestamp":"2024-09-28T15:17:01.067Z"}
{"level":"\u001b[32minfo\u001b[39m","message":"APP is running on PORT 4000","timestamp":"2024-09-28T15:17:05.208Z"}
{"level":"\u001b[32minfo\u001b[39m","message":"APP is running on PORT 4000","timestamp":"2024-09-28T15:17:09.784Z"}
{"level":"\u001b[32minfo\u001b[39m","message":"APP is running on PORT 4000","timestamp":"2024-09-28T15:17:18.264Z"}
{"level":"\u001b[32minfo\u001b[39m","message":"APP is running on PORT 4000","timestamp":"2024-09-28T15:17:21.562Z"}
{"level":"\u001b[32minfo\u001b[39m","message":"APP is running on PORT 4000","timestamp":"2024-09-28T15:17:23.714Z"}
{"level":"\u001b[32minfo\u001b[39m","message":"APP is running on PORT 4000","timestamp":"2024-09-28T15:17:26.159Z"}
{"level":"\u001b[32minfo\u001b[39m","message":"APP is running on PORT 4000","timestamp":"2024-09-28T15:20:29.884Z"}
{"level":"\u001b[32minfo\u001b[39m","message":"APP is running on PORT 4000","timestamp":"2024-09-28T15:21:01.536Z"}
{"level":"\u001b[32minfo\u001b[39m","message":"APP is running on PORT 4000","timestamp":"2024-09-28T15:21:06.905Z"}
{"level":"\u001b[32minfo\u001b[39m","message":"APP is running on PORT 4000","timestamp":"2024-09-28T15:21:09.357Z"}
{"level":"\u001b[32minfo\u001b[39m","message":"APP is running on PORT 4000","timestamp":"2024-09-28T15:21:13.197Z"}
{"level":"\u001b[32minfo\u001b[39m","message":"APP is running on PORT 4000","timestamp":"2024-09-28T15:21:34.947Z"}
{"level":"\u001b[32minfo\u001b[39m","message":"APP is running on PORT 4000","timestamp":"2024-09-28T15:21:38.084Z"}
{"level":"\u001b[32minfo\u001b[39m","message":"APP is running on PORT 4000","timestamp":"2024-09-28T15:21:41.696Z"}
{"level":"\u001b[32minfo\u001b[39m","message":"APP is running on PORT 4000","timestamp":"2024-09-28T15:22:26.097Z"}
{"level":"\u001b[32minfo\u001b[39m","message":"{\"method\":\"GET\",\"url\":\"/api/v1/healthcheck\",\"status\":\"200\",\"responseTime\":\"3.238\"}","timestamp":"2024-09-28T15:28:35.741Z"}
{"level":"\u001b[32minfo\u001b[39m","message":"Routes Loaded","timestamp":"2024-09-28T15:30:10.495Z"}
{"level":"\u001b[32minfo\u001b[39m","message":"APP is running on PORT 4000","timestamp":"2024-09-28T15:30:12.124Z"}
{"level":"\u001b[32minfo\u001b[39m","message":"{\"method\":\"GET\",\"url\":\"/api/v1/healthcheck\",\"status\":\"200\",\"responseTime\":\"4.265\"}","timestamp":"2024-09-28T15:30:15.702Z"}
{"level":"\u001b[32minfo\u001b[39m","message":"APP is running on PORT 4000","timestamp":"2024-09-28T15:30:42.445Z"}
{"level":"\u001b[32minfo\u001b[39m","message":"{\"method\":\"GET\",\"url\":\"/api/v1/healthcheck\",\"status\":\"200\",\"responseTime\":\"5.460\"}","timestamp":"2024-09-28T15:30:49.486Z"}
{"level":"\u001b[32minfo\u001b[39m","message":"APP is running on PORT 4000","timestamp":"2024-09-28T15:31:31.075Z"}
{"level":"\u001b[32minfo\u001b[39m","message":"APP is running on PORT 4000","timestamp":"2024-09-28T15:31:34.202Z"}
{"level":"\u001b[32minfo\u001b[39m","message":"APP is running on PORT 4000","timestamp":"2024-09-28T15:31:37.907Z"}
{"level":"\u001b[32minfo\u001b[39m","message":"APP is running on PORT 4000","timestamp":"2024-09-28T15:31:40.063Z"}
{"level":"\u001b[32minfo\u001b[39m","message":"Health Check Passed","timestamp":"2024-09-28T15:31:42.934Z"}
{"level":"\u001b[32minfo\u001b[39m","message":"{\"method\":\"GET\",\"url\":\"/api/v1/healthcheck\",\"status\":\"200\",\"responseTime\":\"4.100\"}","timestamp":"2024-09-28T15:31:42.940Z"}
{"level":"\u001b[32minfo\u001b[39m","message":"APP is running on PORT 4000","timestamp":"2024-09-28T15:32:02.977Z"}
{"level":"\u001b[32minfo\u001b[39m","message":"APP is running on PORT 4000","timestamp":"2024-09-28T15:32:11.744Z"}
{"level":"\u001b[32minfo\u001b[39m","message":"{\"method\":\"GET\",\"url\":\"/api/v1/healthcheck\",\"status\":\"500\",\"responseTime\":\"6.177\"}","timestamp":"2024-09-28T15:32:13.014Z"}
{"level":"\u001b[32minfo\u001b[39m","message":"APP is running on PORT 4000","timestamp":"2024-09-28T15:33:04.130Z"}
{"level":"\u001b[32minfo\u001b[39m","message":"APP is running on PORT 4000","timestamp":"2024-09-28T15:33:19.297Z"}
{"level":"\u001b[32minfo\u001b[39m","message":"APP is running on PORT 4000","timestamp":"2024-09-28T15:33:23.066Z"}
{"level":"\u001b[32minfo\u001b[39m","message":"APP is running on PORT 4000","timestamp":"2024-09-28T15:33:32.954Z"}
{"level":"\u001b[32minfo\u001b[39m","message":"APP is running on PORT 4000","timestamp":"2024-09-28T15:33:36.890Z"}
{"level":"\u001b[32minfo\u001b[39m","message":"APP is running on PORT 4000","timestamp":"2024-09-28T15:34:13.231Z"}
{"level":"\u001b[32minfo\u001b[39m","message":"APP is running on PORT 4000","timestamp":"2024-09-28T15:34:24.309Z"}
{"level":"\u001b[32minfo\u001b[39m","message":"APP is running on PORT 4000","timestamp":"2024-09-28T15:34:59.674Z"}
{"level":"\u001b[32minfo\u001b[39m","message":"APP is running on PORT 4000","timestamp":"2024-09-28T15:35:11.512Z"}
{"level":"\u001b[32minfo\u001b[39m","message":"APP is running on PORT 4000","timestamp":"2024-09-28T15:35:14.552Z"}
{"level":"\u001b[32minfo\u001b[39m","message":"APP is running on PORT 4000","timestamp":"2024-09-28T15:35:21.448Z"}
{"level":"\u001b[32minfo\u001b[39m","message":"Healthcheck Passed","timestamp":"2024-09-28T15:35:22.244Z"}
{"level":"\u001b[32minfo\u001b[39m","message":"APP is running on PORT 4000","timestamp":"2024-09-28T15:35:51.563Z"}
{"level":"\u001b[32minfo\u001b[39m","message":"{\"method\":\"GET\",\"url\":\"/api/v1/healthcheck\",\"status\":\"200\",\"responseTime\":\"2.994\"}","timestamp":"2024-09-28T15:35:52.896Z"}
{"level":"\u001b[32minfo\u001b[39m","message":"APP is running on PORT 4000","timestamp":"2024-09-28T15:35:59.871Z"}
{"level":"\u001b[32minfo\u001b[39m","message":"Healthcheck Passed","timestamp":"2024-09-28T15:36:02.580Z"}
{"level":"\u001b[32minfo\u001b[39m","message":"APP is running on PORT 4000","timestamp":"2024-09-28T15:36:20.448Z"}
{"level":"\u001b[32minfo\u001b[39m","message":"{\"method\":\"GET\",\"url\":\"/api/v1/healthcheck\",\"status\":\"200\",\"responseTime\":\"5.249\"}","timestamp":"2024-09-28T15:36:30.852Z"}
{"level":"\u001b[32minfo\u001b[39m","message":"APP is running on PORT 4000","timestamp":"2024-10-05T11:42:41.143Z"}
{"level":"\u001b[32minfo\u001b[39m","message":"APP is running on PORT 4000","timestamp":"2024-10-05T11:45:51.957Z"}
{"level":"\u001b[32minfo\u001b[39m","message":"APP is running on PORT 4000","timestamp":"2024-10-05T13:44:58.920Z"}
{"level":"\u001b[32minfo\u001b[39m","message":"APP is running on PORT 4000","timestamp":"2024-10-05T15:18:47.142Z"}
{"level":"\u001b[32minfo\u001b[39m","message":"APP is running on PORT 4000","timestamp":"2024-10-05T15:19:22.166Z"}
{"level":"\u001b[32minfo\u001b[39m","message":"APP is running on PORT 4000","timestamp":"2024-10-05T15:19:45.777Z"}
{"level":"\u001b[32minfo\u001b[39m","message":"APP is running on PORT 4000","timestamp":"2024-10-05T15:19:56.150Z"}
{"level":"\u001b[32minfo\u001b[39m","message":"APP is running on PORT 4000","timestamp":"2024-10-05T15:20:41.514Z"}
{"level":"\u001b[32minfo\u001b[39m","message":"APP is running on PORT 4000","timestamp":"2024-10-06T15:48:14.005Z"}
{"level":"\u001b[32minfo\u001b[39m","message":"APP is running on PORT 4000","timestamp":"2024-10-07T12:06:32.213Z"}
{"level":"\u001b[32minfo\u001b[39m","message":"APP is running on PORT 4000","timestamp":"2024-10-07T13:26:08.966Z"}
{"level":"\u001b[32minfo\u001b[39m","message":"APP is running on PORT 4000","timestamp":"2024-10-07T13:26:56.759Z"}
{"level":"\u001b[32minfo\u001b[39m","message":"APP is running on PORT 4000","timestamp":"2024-10-10T04:16:22.701Z"}
{"level":"\u001b[32minfo\u001b[39m","message":"APP is running on PORT 4000","timestamp":"2024-10-10T09:23:02.141Z"}
{"level":"\u001b[32minfo\u001b[39m","message":"APP is running on PORT 4000","timestamp":"2024-10-10T09:23:28.138Z"}
{"level":"\u001b[32minfo\u001b[39m","message":"APP is running on PORT 4000","timestamp":"2024-10-10T09:23:52.682Z"}
{"level":"\u001b[32minfo\u001b[39m","message":"APP is running on PORT 4000","timestamp":"2024-10-10T09:24:10.164Z"}
{"level":"\u001b[32minfo\u001b[39m","message":"APP is running on PORT 4000","timestamp":"2024-10-10T09:24:42.585Z"}
{"level":"\u001b[32minfo\u001b[39m","message":"APP is running on PORT 4000","timestamp":"2024-10-10T09:25:23.665Z"}
{"level":"\u001b[32minfo\u001b[39m","message":"APP is running on PORT 4000","timestamp":"2024-10-10T09:25:37.820Z"}
{"level":"\u001b[32minfo\u001b[39m","message":"APP is running on PORT 4000","timestamp":"2024-10-10T09:25:48.756Z"}
{"level":"\u001b[32minfo\u001b[39m","message":"APP is running on PORT 4000","timestamp":"2024-10-10T09:26:19.247Z"}
{"level":"\u001b[32minfo\u001b[39m","message":"APP is running on PORT 4000","timestamp":"2024-10-10T09:26:33.578Z"}
{"level":"\u001b[32minfo\u001b[39m","message":"APP is running on PORT 4000","timestamp":"2024-10-10T09:26:54.141Z"}
{"level":"\u001b[32minfo\u001b[39m","message":"APP is running on PORT 4000","timestamp":"2024-10-10T09:27:19.500Z"}
{"level":"\u001b[32minfo\u001b[39m","message":"APP is running on PORT 4000","timestamp":"2024-10-10T09:27:28.714Z"}
{"level":"\u001b[32minfo\u001b[39m","message":"APP is running on PORT 4000","timestamp":"2024-10-10T09:28:07.389Z"}
{"level":"\u001b[32minfo\u001b[39m","message":"APP is running on PORT 4000","timestamp":"2024-10-10T09:28:51.407Z"}
{"level":"\u001b[32minfo\u001b[39m","message":"APP is running on PORT 4000","timestamp":"2024-10-10T09:29:05.995Z"}
{"level":"\u001b[32minfo\u001b[39m","message":"APP is running on PORT 4000","timestamp":"2024-10-10T09:29:31.117Z"}
{"level":"\u001b[32minfo\u001b[39m","message":"APP is running on PORT 4000","timestamp":"2024-10-10T09:29:45.593Z"}
{"level":"\u001b[32minfo\u001b[39m","message":"APP is running on PORT 4000","timestamp":"2024-10-10T09:29:50.906Z"}
{"level":"\u001b[32minfo\u001b[39m","message":"APP is running on PORT 4000","timestamp":"2024-10-10T09:31:02.580Z"}
{"level":"\u001b[32minfo\u001b[39m","message":"APP is running on PORT 4000","timestamp":"2024-10-10T09:31:22.859Z"}
{"level":"\u001b[32minfo\u001b[39m","message":"APP is running on PORT 4000","timestamp":"2024-10-10T09:33:05.493Z"}
{"level":"\u001b[32minfo\u001b[39m","message":"APP is running on PORT 4000","timestamp":"2024-10-10T09:33:50.603Z"}
{"level":"\u001b[32minfo\u001b[39m","message":"APP is running on PORT 4000","timestamp":"2024-10-10T09:33:57.700Z"}
{"level":"\u001b[32minfo\u001b[39m","message":"APP is running on PORT 4000","timestamp":"2024-10-10T09:34:07.898Z"}
{"level":"\u001b[32minfo\u001b[39m","message":"APP is running on PORT 4000","timestamp":"2024-10-10T09:34:16.973Z"}
{"level":"\u001b[32minfo\u001b[39m","message":"APP is running on PORT 4000","timestamp":"2024-10-10T09:34:39.316Z"}
{"level":"\u001b[32minfo\u001b[39m","message":"APP is running on PORT 4000","timestamp":"2024-10-10T09:37:17.073Z"}
{"level":"\u001b[32minfo\u001b[39m","message":"APP is running on PORT 4000","timestamp":"2024-10-10T09:42:45.961Z"}
{"level":"\u001b[32minfo\u001b[39m","message":"APP is running on PORT 4000","timestamp":"2024-10-10T10:41:53.692Z"}
{"level":"\u001b[32minfo\u001b[39m","message":"APP is running on PORT 4000","timestamp":"2024-10-10T10:50:17.251Z"}
{"level":"\u001b[32minfo\u001b[39m","message":"APP is running on PORT 4000","timestamp":"2024-10-10T10:51:13.886Z"}
{"level":"\u001b[32minfo\u001b[39m","message":"APP is running on PORT 4000","timestamp":"2024-10-10T10:51:23.418Z"}
{"level":"\u001b[32minfo\u001b[39m","message":"{\"method\":\"GET\",\"url\":\"/api/v1/healthcheck\",\"status\":\"200\",\"responseTime\":\"10.597\"}","timestamp":"2024-10-10T10:54:28.367Z"}
{"level":"\u001b[32minfo\u001b[39m","message":"{\"method\":\"POST\",\"url\":\"/api/v1/register\",\"status\":\"404\",\"responseTime\":\"11.734\"}","timestamp":"2024-10-10T10:59:08.757Z"}
{"level":"\u001b[32minfo\u001b[39m","message":"{\"method\":\"POST\",\"url\":\"/api/v1//users/register\",\"status\":\"404\",\"responseTime\":\"1.393\"}","timestamp":"2024-10-10T10:59:43.356Z"}
{"level":"\u001b[32minfo\u001b[39m","message":"{\"method\":\"POST\",\"url\":\"/api/v1//user/register\",\"status\":\"404\",\"responseTime\":\"1.452\"}","timestamp":"2024-10-10T10:59:47.628Z"}
{"level":"\u001b[32minfo\u001b[39m","message":"APP is running on PORT 4000","timestamp":"2024-10-10T11:00:21.287Z"}
{"level":"\u001b[32minfo\u001b[39m","message":"{\"method\":\"POST\",\"url\":\"/api/v1/users/register\",\"status\":\"400\",\"responseTime\":\"125.936\"}","timestamp":"2024-10-10T11:00:28.171Z"}
{"level":"\u001b[32minfo\u001b[39m","message":"{\"method\":\"POST\",\"url\":\"/api/v1/users/register\",\"status\":\"400\",\"responseTime\":\"139.604\"}","timestamp":"2024-10-10T11:09:02.812Z"}
{"level":"\u001b[32minfo\u001b[39m","message":"{\"method\":\"POST\",\"url\":\"/api/v1/users/register\",\"status\":\"400\",\"responseTime\":\"2132.117\"}","timestamp":"2024-10-10T11:09:20.944Z"}
{"level":"\u001b[32minfo\u001b[39m","message":"{\"method\":\"POST\",\"url\":\"/api/v1/users/register\",\"status\":\"400\",\"responseTime\":\"3.018\"}","timestamp":"2024-10-10T11:09:46.569Z"}
{"level":"\u001b[32minfo\u001b[39m","message":"APP is running on PORT 4000","timestamp":"2024-10-10T11:17:54.644Z"}
{"level":"\u001b[32minfo\u001b[39m","message":"APP is running on PORT 4000","timestamp":"2024-10-10T11:19:20.643Z"}
{"level":"\u001b[32minfo\u001b[39m","message":"APP is running on PORT 4000","timestamp":"2024-10-10T11:29:20.023Z"}
{"level":"\u001b[32minfo\u001b[39m","message":"APP is running on PORT 4000","timestamp":"2024-10-10T11:29:45.507Z"}
{"level":"\u001b[32minfo\u001b[39m","message":"APP is running on PORT 4000","timestamp":"2024-10-10T11:29:54.793Z"}
{"level":"\u001b[32minfo\u001b[39m","message":"{\"method\":\"POST\",\"url\":\"/api/v1/users/register\",\"status\":\"500\",\"responseTime\":\"33.206\"}","timestamp":"2024-10-10T11:29:57.706Z"}
{"level":"\u001b[32minfo\u001b[39m","message":"APP is running on PORT 4000","timestamp":"2024-10-10T11:30:43.411Z"}
{"level":"\u001b[32minfo\u001b[39m","message":"APP is running on PORT 4000","timestamp":"2024-10-10T11:31:49.306Z"}
{"level":"\u001b[32minfo\u001b[39m","message":"{\"method\":\"POST\",\"url\":\"/api/v1/users/register\",\"status\":\"500\",\"responseTime\":\"29.449\"}","timestamp":"2024-10-10T11:31:54.922Z"}
{"level":"\u001b[32minfo\u001b[39m","message":"APP is running on PORT 4000","timestamp":"2024-10-10T11:32:11.091Z"}
{"level":"\u001b[32minfo\u001b[39m","message":"{\"method\":\"POST\",\"url\":\"/api/v1/users/register\",\"status\":\"500\",\"responseTime\":\"281.462\"}","timestamp":"2024-10-10T11:32:14.718Z"}
{"level":"\u001b[32minfo\u001b[39m","message":"APP is running on PORT 4000","timestamp":"2024-10-10T11:33:29.346Z"}
{"level":"\u001b[32minfo\u001b[39m","message":"APP is running on PORT 4000","timestamp":"2024-10-10T11:33:39.086Z"}
{"level":"\u001b[32minfo\u001b[39m","message":"APP is running on PORT 4000","timestamp":"2024-10-10T11:33:43.073Z"}
{"level":"\u001b[32minfo\u001b[39m","message":"APP is running on PORT 4000","timestamp":"2024-10-10T11:34:07.022Z"}
{"level":"\u001b[32minfo\u001b[39m","message":"{\"method\":\"POST\",\"url\":\"/api/v1/users/register\",\"status\":\"500\",\"responseTime\":\"399.662\"}","timestamp":"2024-10-10T11:34:11.350Z"}
{"level":"\u001b[32minfo\u001b[39m","message":"APP is running on PORT 4000","timestamp":"2024-10-10T11:34:31.391Z"}
{"level":"\u001b[32minfo\u001b[39m","message":"APP is running on PORT 4000","timestamp":"2024-10-10T11:35:12.044Z"}
{"level":"\u001b[32minfo\u001b[39m","message":"APP is running on PORT 4000","timestamp":"2024-10-10T11:35:33.084Z"}
{"level":"\u001b[32minfo\u001b[39m","message":"{\"method\":\"POST\",\"url\":\"/api/v1/users/register\",\"status\":\"500\",\"responseTime\":\"7778.223\"}","timestamp":"2024-10-10T11:36:10.645Z"}
{"level":"\u001b[32minfo\u001b[39m","message":"APP is running on PORT 4000","timestamp":"2024-10-10T11:37:21.852Z"}
{"level":"\u001b[32minfo\u001b[39m","message":"{\"method\":\"POST\",\"url\":\"/api/v1/users/register\",\"status\":\"500\",\"responseTime\":\"7594.548\"}","timestamp":"2024-10-10T11:37:43.302Z"}
{"level":"\u001b[32minfo\u001b[39m","message":"APP is running on PORT 4000","timestamp":"2024-10-10T11:38:47.915Z"}
{"level":"\u001b[32minfo\u001b[39m","message":"APP is running on PORT 4000","timestamp":"2024-10-10T11:39:03.560Z"}
{"level":"\u001b[32minfo\u001b[39m","message":"APP is running on PORT 4000","timestamp":"2024-10-10T11:39:19.026Z"}
{"level":"\u001b[32minfo\u001b[39m","message":"APP is running on PORT 4000","timestamp":"2024-10-10T11:42:00.171Z"}
{"level":"\u001b[32minfo\u001b[39m","message":"APP is running on PORT 4000","timestamp":"2024-10-10T11:42:13.818Z"}
{"level":"\u001b[32minfo\u001b[39m","message":"APP is running on PORT 4000","timestamp":"2024-10-10T11:42:22.893Z"}
{"level":"\u001b[32minfo\u001b[39m","message":"APP is running on PORT 4000","timestamp":"2024-10-10T11:42:34.123Z"}
{"level":"\u001b[32minfo\u001b[39m","message":"APP is running on PORT 4000","timestamp":"2024-10-10T11:42:51.599Z"}
{"level":"\u001b[32minfo\u001b[39m","message":"APP is running on PORT 4000","timestamp":"2024-10-10T11:43:19.631Z"}
{"level":"\u001b[32minfo\u001b[39m","message":"APP is running on PORT 4000","timestamp":"2024-10-10T11:46:21.026Z"}
{"level":"\u001b[32minfo\u001b[39m","message":"{\"method\":\"POST\",\"url\":\"/api/v1/users/register\",\"status\":\"500\",\"responseTime\":\"19179.913\"}","timestamp":"2024-10-10T11:46:47.445Z"}
{"level":"\u001b[32minfo\u001b[39m","message":"APP is running on PORT 4000","timestamp":"2024-10-10T11:51:35.901Z"}
{"level":"\u001b[32minfo\u001b[39m","message":"{\"method\":\"POST\",\"url\":\"/api/v1/users/register\",\"status\":\"201\",\"responseTime\":\"4998.605\"}","timestamp":"2024-10-10T11:52:56.744Z"}
{"level":"\u001b[32minfo\u001b[39m","message":"{\"method\":\"POST\",\"url\":\"/api/v1/users/register\",\"status\":\"409\",\"responseTime\":\"171.383\"}","timestamp":"2024-10-10T11:55:19.141Z"}
{"level":"\u001b[32minfo\u001b[39m","message":"APP is running on PORT 4000","timestamp":"2024-10-10T11:56:51.426Z"}
{"level":"\u001b[32minfo\u001b[39m","message":"APP is running on PORT 4000","timestamp":"2024-10-10T11:58:58.121Z"}
{"level":"\u001b[32minfo\u001b[39m","message":"APP is running on PORT 4000","timestamp":"2024-10-10T11:59:48.267Z"}
{"level":"\u001b[32minfo\u001b[39m","message":"APP is running on PORT 4000","timestamp":"2024-10-10T12:00:15.596Z"}
{"level":"\u001b[32minfo\u001b[39m","message":"APP is running on PORT 4000","timestamp":"2024-10-10T12:01:00.481Z"}
{"level":"\u001b[32minfo\u001b[39m","message":"APP is running on PORT 4000","timestamp":"2024-10-10T12:01:09.642Z"}
{"level":"\u001b[32minfo\u001b[39m","message":"APP is running on PORT 4000","timestamp":"2024-10-10T12:01:22.006Z"}
{"level":"\u001b[32minfo\u001b[39m","message":"APP is running on PORT 4000","timestamp":"2024-10-10T12:01:51.921Z"}
{"level":"\u001b[32minfo\u001b[39m","message":"APP is running on PORT 4000","timestamp":"2024-10-10T12:02:27.829Z"}
{"level":"\u001b[32minfo\u001b[39m","message":"APP is running on PORT 4000","timestamp":"2024-10-10T12:02:37.432Z"}
{"level":"\u001b[32minfo\u001b[39m","message":"APP is running on PORT 4000","timestamp":"2024-10-10T12:03:17.505Z"}
{"level":"\u001b[32minfo\u001b[39m","message":"APP is running on PORT 4000","timestamp":"2024-10-10T12:03:51.910Z"}
{"level":"\u001b[32minfo\u001b[39m","message":"APP is running on PORT 4000","timestamp":"2024-10-10T12:04:45.999Z"}
{"level":"\u001b[32minfo\u001b[39m","message":"APP is running on PORT 4000","timestamp":"2024-10-10T12:05:46.617Z"}
{"level":"\u001b[32minfo\u001b[39m","message":"{\"method\":\"POST\",\"url\":\"/api/v1/users/register\",\"status\":\"409\",\"responseTime\":\"224.543\"}","timestamp":"2024-10-10T12:05:49.816Z"}
{"level":"\u001b[32minfo\u001b[39m","message":"{\"method\":\"POST\",\"url\":\"/api/v1/users/register\",\"status\":\"500\",\"responseTime\":\"5499.263\"}","timestamp":"2024-10-10T12:06:23.599Z"}
{"level":"\u001b[32minfo\u001b[39m","message":"APP is running on PORT 4000","timestamp":"2024-10-10T12:07:22.037Z"}
{"level":"\u001b[32minfo\u001b[39m","message":"{\"method\":\"POST\",\"url\":\"/api/v1/users/register\",\"status\":\"201\",\"responseTime\":\"5111.897\"}","timestamp":"2024-10-10T12:08:04.069Z"}
{"level":"\u001b[32minfo\u001b[39m","message":"APP is running on PORT 4000","timestamp":"2024-10-10T12:33:25.181Z"}
{"level":"\u001b[32minfo\u001b[39m","message":"{\"method\":\"POST\",\"url\":\"/api/v1/users/register\",\"status\":\"201\",\"responseTime\":\"4741.528\"}","timestamp":"2024-10-10T12:33:42.507Z"}
{"level":"\u001b[32minfo\u001b[39m","message":"APP is running on PORT 4000","timestamp":"2024-10-15T12:31:05.812Z"}
{"level":"\u001b[32minfo\u001b[39m","message":"APP is running on PORT 4000","timestamp":"2024-10-17T18:58:42.852Z"}
{"level":"\u001b[32minfo\u001b[39m","message":"APP is running on PORT 4000","timestamp":"2024-10-23T21:49:13.993Z"}
{"level":"\u001b[32minfo\u001b[39m","message":"{\"method\":\"POST\",\"url\":\"/api/v1/users/register\",\"status\":\"409\",\"responseTime\":\"173.092\"}","timestamp":"2024-10-23T21:50:41.592Z"}
{"level":"\u001b[32minfo\u001b[39m","message":"{\"method\":\"POST\",\"url\":\"/api/v1/users/register\",\"status\":\"201\",\"responseTime\":\"31443.851\"}","timestamp":"2024-10-23T21:56:40.624Z"}
{"level":"\u001b[32minfo\u001b[39m","message":"{\"method\":\"POST\",\"url\":\"/api/v1/users/login\",\"status\":\"404\",\"responseTime\":\"98.060\"}","timestamp":"2024-10-23T21:58:46.593Z"}
{"level":"\u001b[32minfo\u001b[39m","message":"{\"method\":\"POST\",\"url\":\"/api/v1/users/login\",\"status\":\"404\",\"responseTime\":\"95.954\"}","timestamp":"2024-10-23T21:59:58.848Z"}
{"level":"\u001b[32minfo\u001b[39m","message":"{\"method\":\"POST\",\"url\":\"/api/v1/users/login\",\"status\":\"404\",\"responseTime\":\"105.669\"}","timestamp":"2024-10-23T22:00:10.634Z"}
{"level":"\u001b[32minfo\u001b[39m","message":"{\"method\":\"POST\",\"url\":\"/api/v1/users/login\",\"status\":\"404\",\"responseTime\":\"102.745\"}","timestamp":"2024-10-23T22:00:13.591Z"}
{"level":"\u001b[32minfo\u001b[39m","message":"{\"method\":\"GET\",\"url\":\"/api/v1/healthcheck\",\"status\":\"200\",\"responseTime\":\"1.089\"}","timestamp":"2024-10-23T22:01:01.274Z"}
{"level":"\u001b[32minfo\u001b[39m","message":"{\"method\":\"POST\",\"url\":\"/api/v1/users/login\",\"status\":\"404\",\"responseTime\":\"119.919\"}","timestamp":"2024-10-23T22:01:59.682Z"}
{"level":"\u001b[32minfo\u001b[39m","message":"{\"method\":\"POST\",\"url\":\"/api/v1/users/login\",\"status\":\"404\",\"responseTime\":\"116.512\"}","timestamp":"2024-10-23T22:02:59.097Z"}
{"level":"\u001b[32minfo\u001b[39m","message":"APP is running on PORT 4000","timestamp":"2024-10-23T22:15:22.244Z"}
{"level":"\u001b[32minfo\u001b[39m","message":"APP is running on PORT 4000","timestamp":"2024-10-23T22:17:15.319Z"}
{"level":"\u001b[32minfo\u001b[39m","message":"APP is running on PORT 4000","timestamp":"2024-10-23T22:17:29.129Z"}
{"level":"\u001b[32minfo\u001b[39m","message":"APP is running on PORT 4000","timestamp":"2024-10-23T22:17:32.648Z"}
{"level":"\u001b[32minfo\u001b[39m","message":"APP is running on PORT 4000","timestamp":"2024-10-23T22:17:37.344Z"}
{"level":"\u001b[32minfo\u001b[39m","message":"APP is running on PORT 4000","timestamp":"2024-10-23T22:17:51.282Z"}
{"level":"\u001b[32minfo\u001b[39m","message":"{\"method\":\"POST\",\"url\":\"/api/v1/users/login\",\"status\":\"404\",\"responseTime\":\"119.510\"}","timestamp":"2024-10-23T22:18:03.912Z"}
{"level":"\u001b[32minfo\u001b[39m","message":"APP is running on PORT 4000","timestamp":"2024-10-23T22:20:51.041Z"}
{"level":"\u001b[32minfo\u001b[39m","message":"APP is running on PORT 4000","timestamp":"2024-10-23T22:20:55.146Z"}
{"level":"\u001b[32minfo\u001b[39m","message":"APP is running on PORT 4000","timestamp":"2024-10-23T22:20:59.070Z"}
{"level":"\u001b[32minfo\u001b[39m","message":"{\"method\":\"POST\",\"url\":\"/api/v1/users/login\",\"status\":\"404\",\"responseTime\":\"796.692\"}","timestamp":"2024-10-23T22:21:00.275Z"}
{"level":"\u001b[32minfo\u001b[39m","message":"{\"method\":\"POST\",\"url\":\"/api/v1/users/loginf\",\"status\":\"404\",\"responseTime\":\"10.051\"}","timestamp":"2024-10-23T22:22:12.797Z"}
{"level":"\u001b[32minfo\u001b[39m","message":"{\"method\":\"POST\",\"url\":\"/api/v1/users/login\",\"status\":\"404\",\"responseTime\":\"106.332\"}","timestamp":"2024-10-23T22:22:29.880Z"}
{"level":"\u001b[32minfo\u001b[39m","message":"{\"method\":\"POST\",\"url\":\"/api/v1/users/logout\",\"status\":\"401\",\"responseTime\":\"1.139\"}","timestamp":"2024-10-23T22:24:00.634Z"}
{"level":"\u001b[32minfo\u001b[39m","message":"{\"method\":\"POST\",\"url\":\"/api/v1/users/refresh-token\",\"status\":\"401\",\"responseTime\":\"0.991\"}","timestamp":"2024-10-23T22:25:49.280Z"}
{"level":"\u001b[32minfo\u001b[39m","message":"APP is running on PORT 4000","timestamp":"2024-10-23T22:26:12.883Z"}
{"level":"\u001b[32minfo\u001b[39m","message":"APP is running on PORT 4000","timestamp":"2024-10-23T22:26:15.858Z"}
{"level":"\u001b[32minfo\u001b[39m","message":"APP is running on PORT 4000","timestamp":"2024-10-23T22:26:24.862Z"}
{"level":"\u001b[32minfo\u001b[39m","message":"{\"method\":\"POST\",\"url\":\"/api/v1/users/refresh-token\",\"status\":\"401\",\"responseTime\":\"7.748\"}","timestamp":"2024-10-23T22:26:27.882Z"}
{"level":"\u001b[32minfo\u001b[39m","message":"APP is running on PORT 4000","timestamp":"2024-10-23T22:26:38.510Z"}
{"level":"\u001b[32minfo\u001b[39m","message":"{\"method\":\"POST\",\"url\":\"/api/v1/users/refresh-token\",\"status\":\"401\",\"responseTime\":\"7.563\"}","timestamp":"2024-10-23T22:26:39.224Z"}
{"level":"\u001b[32minfo\u001b[39m","message":"APP is running on PORT 4000","timestamp":"2024-10-23T22:27:02.645Z"}
{"level":"\u001b[32minfo\u001b[39m","message":"{\"method\":\"POST\",\"url\":\"/api/v1/users/refresh-token\",\"status\":\"401\",\"responseTime\":\"4.216\"}","timestamp":"2024-10-23T22:27:35.531Z"}
{"level":"\u001b[32minfo\u001b[39m","message":"{\"method\":\"POST\",\"url\":\"/api/v1/users/logout\",\"status\":\"401\",\"responseTime\":\"1.444\"}","timestamp":"2024-10-23T22:27:46.980Z"}
{"level":"\u001b[32minfo\u001b[39m","message":"{\"method\":\"POST\",\"url\":\"/api/v1/users/login\",\"status\":\"404\",\"responseTime\":\"119.589\"}","timestamp":"2024-10-23T22:29:08.211Z"}
{"level":"\u001b[32minfo\u001b[39m","message":"{\"method\":\"POST\",\"url\":\"/api/v1/users/login\",\"status\":\"401\",\"responseTime\":\"110.946\"}","timestamp":"2024-10-23T22:29:58.255Z"}
{"level":"\u001b[32minfo\u001b[39m","message":"{\"method\":\"POST\",\"url\":\"/api/v1/users/login\",\"status\":\"401\",\"responseTime\":\"100.337\"}","timestamp":"2024-10-23T22:31:13.617Z"}
{"level":"\u001b[32minfo\u001b[39m","message":"APP is running on PORT 4000","timestamp":"2024-10-23T22:31:37.961Z"}
{"level":"\u001b[32minfo\u001b[39m","message":"APP is running on PORT 4000","timestamp":"2024-10-23T22:32:07.276Z"}
{"level":"\u001b[32minfo\u001b[39m","message":"{\"method\":\"POST\",\"url\":\"/api/v1/users/login\",\"status\":\"401\",\"responseTime\":\"124.378\"}","timestamp":"2024-10-23T22:32:43.044Z"}
{"level":"\u001b[32minfo\u001b[39m","message":"{\"method\":\"POST\",\"url\":\"/api/v1/users/login\",\"status\":\"500\",\"responseTime\":\"100.815\"}","timestamp":"2024-10-23T22:32:50.401Z"}
{"level":"\u001b[32minfo\u001b[39m","message":"{\"method\":\"POST\",\"url\":\"/api/v1/users/login\",\"status\":\"404\",\"responseTime\":\"96.205\"}","timestamp":"2024-10-23T22:33:02.393Z"}
{"level":"\u001b[32minfo\u001b[39m","message":"{\"method\":\"POST\",\"url\":\"/api/v1/users/login\",\"status\":\"404\",\"responseTime\":\"101.362\"}","timestamp":"2024-10-23T22:33:35.929Z"}
{"level":"\u001b[32minfo\u001b[39m","message":"APP is running on PORT 4000","timestamp":"2024-10-23T22:33:59.283Z"}
{"level":"\u001b[32minfo\u001b[39m","message":"APP is running on PORT 4000","timestamp":"2024-10-23T22:34:23.847Z"}
{"level":"\u001b[32minfo\u001b[39m","message":"APP is running on PORT 4000","timestamp":"2024-10-23T22:34:32.675Z"}
{"level":"\u001b[32minfo\u001b[39m","message":"{\"method\":\"POST\",\"url\":\"/api/v1/users/login\",\"status\":\"401\",\"responseTime\":\"124.201\"}","timestamp":"2024-10-23T22:35:22.379Z"}
{"level":"\u001b[32minfo\u001b[39m","message":"APP is running on PORT 4000","timestamp":"2024-10-23T22:36:12.356Z"}
{"level":"\u001b[32minfo\u001b[39m","message":"APP is running on PORT 4000","timestamp":"2024-10-23T22:36:54.983Z"}
{"level":"\u001b[32minfo\u001b[39m","message":"APP is running on PORT 4000","timestamp":"2024-10-23T22:37:04.341Z"}
{"level":"\u001b[32minfo\u001b[39m","message":"{\"method\":\"POST\",\"url\":\"/api/v1/users/login\",\"status\":\"500\",\"responseTime\":\"124.646\"}","timestamp":"2024-10-23T22:37:11.792Z"}
{"level":"\u001b[32minfo\u001b[39m","message":"APP is running on PORT 4000","timestamp":"2024-10-23T22:37:28.199Z"}
{"level":"\u001b[32minfo\u001b[39m","message":"APP is running on PORT 4000","timestamp":"2024-10-23T22:37:40.706Z"}
{"level":"\u001b[32minfo\u001b[39m","message":"{\"method\":\"POST\",\"url\":\"/api/v1/users/login\",\"status\":\"500\",\"responseTime\":\"257.482\"}","timestamp":"2024-10-23T22:37:41.683Z"}
{"level":"\u001b[32minfo\u001b[39m","message":"APP is running on PORT 4000","timestamp":"2024-10-23T22:38:54.963Z"}
{"level":"\u001b[32minfo\u001b[39m","message":"{\"method\":\"POST\",\"url\":\"/api/v1/users/login\",\"status\":\"500\",\"responseTime\":\"233.735\"}","timestamp":"2024-10-23T22:39:05.881Z"}
{"level":"\u001b[32minfo\u001b[39m","message":"APP is running on PORT 4000","timestamp":"2024-10-23T22:39:33.806Z"}
{"level":"\u001b[32minfo\u001b[39m","message":"{\"method\":\"POST\",\"url\":\"/api/v1/users/login\",\"status\":\"500\",\"responseTime\":\"261.151\"}","timestamp":"2024-10-23T22:39:36.844Z"}
{"level":"\u001b[32minfo\u001b[39m","message":"APP is running on PORT 4000","timestamp":"2024-10-23T22:40:21.498Z"}
{"level":"\u001b[32minfo\u001b[39m","message":"{\"method\":\"POST\",\"url\":\"/api/v1/users/login\",\"status\":\"200\",\"responseTime\":\"500.079\"}","timestamp":"2024-10-23T22:40:23.122Z"}
{"level":"\u001b[32minfo\u001b[39m","message":"{\"method\":\"POST\",\"url\":\"/api/v1/users/login\",\"status\":\"200\",\"responseTime\":\"416.988\"}","timestamp":"2024-10-23T22:41:11.404Z"}
{"level":"\u001b[32minfo\u001b[39m","message":"{\"method\":\"POST\",\"url\":\"/api/v1/users/login\",\"status\":\"200\",\"responseTime\":\"403.750\"}","timestamp":"2024-10-23T22:41:20.447Z"}
{"level":"\u001b[32minfo\u001b[39m","message":"{\"method\":\"POST\",\"url\":\"/api/v1/users/login\",\"status\":\"404\",\"responseTime\":\"101.856\"}","timestamp":"2024-10-23T22:41:25.960Z"}
{"level":"\u001b[32minfo\u001b[39m","message":"{\"method\":\"POST\",\"url\":\"/api/v1/users/logout\",\"status\":\"200\",\"responseTime\":\"222.446\"}","timestamp":"2024-10-23T22:41:48.012Z"}
{"level":"\u001b[32minfo\u001b[39m","message":"{\"method\":\"POST\",\"url\":\"/api/v1/users/login\",\"status\":\"404\",\"responseTime\":\"98.970\"}","timestamp":"2024-10-23T22:42:55.854Z"}
{"level":"\u001b[32minfo\u001b[39m","message":"{\"method\":\"POST\",\"url\":\"/api/v1/users/login\",\"status\":\"400\",\"responseTime\":\"2.072\"}","timestamp":"2024-10-23T22:44:46.735Z"}
{"level":"\u001b[32minfo\u001b[39m","message":"APP is running on PORT 4000","timestamp":"2024-10-23T22:45:19.632Z"}
{"level":"\u001b[32minfo\u001b[39m","message":"APP is running on PORT 4000","timestamp":"2024-10-23T22:45:51.757Z"}
{"level":"\u001b[32minfo\u001b[39m","message":"APP is running on PORT 4000","timestamp":"2024-10-23T22:46:05.784Z"}
{"level":"\u001b[32minfo\u001b[39m","message":"{\"method\":\"POST\",\"url\":\"/api/v1/users/login\",\"status\":\"200\",\"responseTime\":\"471.603\"}","timestamp":"2024-10-23T22:46:22.223Z"}
{"level":"\u001b[32minfo\u001b[39m","message":"APP is running on PORT 4000","timestamp":"2024-10-23T22:47:52.792Z"}
{"level":"\u001b[32minfo\u001b[39m","message":"APP is running on PORT 4000","timestamp":"2024-10-23T22:47:57.868Z"}
{"level":"\u001b[32minfo\u001b[39m","message":"APP is running on PORT 4000","timestamp":"2024-10-23T22:48:10.806Z"}
{"level":"\u001b[32minfo\u001b[39m","message":"APP is running on PORT 4000","timestamp":"2024-10-23T22:48:26.005Z"}
{"level":"\u001b[32minfo\u001b[39m","message":"APP is running on PORT 4000","timestamp":"2024-10-23T22:48:35.125Z"}
{"level":"\u001b[32minfo\u001b[39m","message":"{\"method\":\"POST\",\"url\":\"/api/v1/users/login\",\"status\":\"200\",\"responseTime\":\"1330.741\"}","timestamp":"2024-10-23T22:48:36.734Z"}
{"level":"\u001b[32minfo\u001b[39m","message":"APP is running on PORT 4000","timestamp":"2024-10-23T22:49:09.151Z"}
{"level":"\u001b[32minfo\u001b[39m","message":"{\"method\":\"POST\",\"url\":\"/api/v1/users/login\",\"status\":\"200\",\"responseTime\":\"451.916\"}","timestamp":"2024-10-23T22:49:12.651Z"}
{"level":"\u001b[32minfo\u001b[39m","message":"APP is running on PORT 4000","timestamp":"2024-10-23T22:49:29.519Z"}
{"level":"\u001b[32minfo\u001b[39m","message":"APP is running on PORT 4000","timestamp":"2024-10-23T22:49:40.782Z"}
{"level":"\u001b[32minfo\u001b[39m","message":"APP is running on PORT 4000","timestamp":"2024-10-23T22:49:44.471Z"}
{"level":"\u001b[32minfo\u001b[39m","message":"{\"method\":\"POST\",\"url\":\"/api/v1/users/login\",\"status\":\"200\",\"responseTime\":\"480.336\"}","timestamp":"2024-10-23T22:49:49.602Z"}
{"level":"\u001b[32minfo\u001b[39m","message":"APP is running on PORT 4000","timestamp":"2024-10-23T22:52:20.820Z"}
{"level":"\u001b[32minfo\u001b[39m","message":"{\"method\":\"POST\",\"url\":\"/api/v1/users/login\",\"status\":\"200\",\"responseTime\":\"449.573\"}","timestamp":"2024-10-23T22:52:23.400Z"}
{"level":"\u001b[32minfo\u001b[39m","message":"APP is running on PORT 4000","timestamp":"2024-10-23T22:53:28.825Z"}
{"level":"\u001b[32minfo\u001b[39m","message":"APP is running on PORT 4000","timestamp":"2024-10-23T22:53:35.911Z"}
{"level":"\u001b[32minfo\u001b[39m","message":"APP is running on PORT 4000","timestamp":"2024-10-23T22:54:13.083Z"}
{"level":"\u001b[32minfo\u001b[39m","message":"{\"method\":\"POST\",\"url\":\"/api/v1/users/login\",\"status\":\"200\",\"responseTime\":\"448.808\"}","timestamp":"2024-10-23T22:54:14.741Z"}
{"level":"\u001b[32minfo\u001b[39m","message":"APP is running on PORT 4000","timestamp":"2024-10-23T22:54:47.253Z"}
{"level":"\u001b[32minfo\u001b[39m","message":"{\"method\":\"POST\",\"url\":\"/api/v1/users/login\",\"status\":\"200\",\"responseTime\":\"996.223\"}","timestamp":"2024-10-23T22:54:48.899Z"}
{"level":"\u001b[32minfo\u001b[39m","message":"APP is running on PORT 4000","timestamp":"2024-10-23T22:55:05.678Z"}
{"level":"\u001b[32minfo\u001b[39m","message":"APP is running on PORT 4000","timestamp":"2024-10-23T22:55:09.341Z"}
{"level":"\u001b[32minfo\u001b[39m","message":"{\"method\":\"POST\",\"url\":\"/api/v1/users/login\",\"status\":\"200\",\"responseTime\":\"999.347\"}","timestamp":"2024-10-23T22:55:10.914Z"}
{"level":"\u001b[32minfo\u001b[39m","message":"{\"method\":\"POST\",\"url\":\"/api/v1/users/logout\",\"status\":\"200\",\"responseTime\":\"216.422\"}","timestamp":"2024-10-23T22:55:16.519Z"}
{"level":"\u001b[32minfo\u001b[39m","message":"{\"method\":\"POST\",\"url\":\"/api/v1/users/login\",\"status\":\"200\",\"responseTime\":\"411.555\"}","timestamp":"2024-10-23T22:55:24.693Z"}
{"level":"\u001b[32minfo\u001b[39m","message":"APP is running on PORT 4000","timestamp":"2024-10-23T22:56:19.027Z"}
{"level":"\u001b[32minfo\u001b[39m","message":"APP is running on PORT 4000","timestamp":"2024-10-23T22:56:23.157Z"}
{"level":"\u001b[32minfo\u001b[39m","message":"APP is running on PORT 4000","timestamp":"2024-10-23T22:56:26.012Z"}
{"level":"\u001b[32minfo\u001b[39m","message":"{\"method\":\"POST\",\"url\":\"/api/v1/users/login\",\"status\":\"200\",\"responseTime\":\"465.696\"}","timestamp":"2024-10-23T22:56:28.408Z"}
{"level":"\u001b[32minfo\u001b[39m","message":"APP is running on PORT 4000","timestamp":"2024-10-23T22:56:44.147Z"}
{"level":"\u001b[32minfo\u001b[39m","message":"{\"method\":\"POST\",\"url\":\"/api/v1/users/login\",\"status\":\"200\",\"responseTime\":\"502.971\"}","timestamp":"2024-10-23T22:56:46.458Z"}
{"level":"\u001b[32minfo\u001b[39m","message":"APP is running on PORT 4000","timestamp":"2024-10-23T22:58:00.452Z"}
{"level":"\u001b[32minfo\u001b[39m","message":"{\"method\":\"POST\",\"url\":\"/api/v1/users/login\",\"status\":\"200\",\"responseTime\":\"452.856\"}","timestamp":"2024-10-23T22:58:02.373Z"}
{"level":"\u001b[32minfo\u001b[39m","message":"APP is running on PORT 4000","timestamp":"2024-10-23T22:58:15.038Z"}
{"level":"\u001b[32minfo\u001b[39m","message":"APP is running on PORT 4000","timestamp":"2024-10-23T22:58:28.435Z"}
{"level":"\u001b[32minfo\u001b[39m","message":"APP is running on PORT 4000","timestamp":"2024-10-23T22:58:35.012Z"}
{"level":"\u001b[32minfo\u001b[39m","message":"APP is running on PORT 4000","timestamp":"2024-10-23T22:58:48.170Z"}
{"level":"\u001b[32minfo\u001b[39m","message":"APP is running on PORT 4000","timestamp":"2024-10-23T22:59:50.368Z"}
{"level":"\u001b[32minfo\u001b[39m","message":"{\"method\":\"POST\",\"url\":\"/api/v1/users/login\",\"status\":\"200\",\"responseTime\":\"467.924\"}","timestamp":"2024-10-23T22:59:54.485Z"}
{"level":"\u001b[32minfo\u001b[39m","message":"APP is running on PORT 4000","timestamp":"2024-10-23T23:01:29.932Z"}
{"level":"\u001b[32minfo\u001b[39m","message":"{\"method\":\"POST\",\"url\":\"/api/v1/users/login\",\"status\":\"200\",\"responseTime\":\"466.682\"}","timestamp":"2024-10-23T23:01:35.174Z"}
{"level":"\u001b[32minfo\u001b[39m","message":"APP is running on PORT 4000","timestamp":"2024-10-23T23:01:52.982Z"}
{"level":"\u001b[32minfo\u001b[39m","message":"APP is running on PORT 4000","timestamp":"2024-10-23T23:02:01.543Z"}
{"level":"\u001b[32minfo\u001b[39m","message":"{\"method\":\"POST\",\"url\":\"/api/v1/users/login\",\"status\":\"200\",\"responseTime\":\"468.404\"}","timestamp":"2024-10-23T23:02:03.552Z"}
{"level":"\u001b[32minfo\u001b[39m","message":"APP is running on PORT 4000","timestamp":"2024-10-23T23:02:17.815Z"}
{"level":"\u001b[32minfo\u001b[39m","message":"{\"method\":\"POST\",\"url\":\"/api/v1/users/login\",\"status\":\"200\",\"responseTime\":\"564.375\"}","timestamp":"2024-10-23T23:02:20.462Z"}
{"level":"\u001b[32minfo\u001b[39m","message":"APP is running on PORT 4000","timestamp":"2024-10-23T23:05:59.040Z"}
{"level":"\u001b[32minfo\u001b[39m","message":"{\"method\":\"POST\",\"url\":\"/api/v1/users/register\",\"status\":\"201\",\"responseTime\":\"6955.537\"}","timestamp":"2024-10-23T23:06:10.116Z"}
{"level":"\u001b[32minfo\u001b[39m","message":"APP is running on PORT 4000","timestamp":"2024-10-23T23:07:29.086Z"}
{"level":"\u001b[32minfo\u001b[39m","message":"APP is running on PORT 4000","timestamp":"2024-10-23T23:07:43.497Z"}
{"level":"\u001b[32minfo\u001b[39m","message":"APP is running on PORT 4000","timestamp":"2024-10-23T23:07:50.957Z"}
{"level":"\u001b[32minfo\u001b[39m","message":"{\"method\":\"POST\",\"url\":\"/api/v1/users/login\",\"status\":\"200\",\"responseTime\":\"543.735\"}","timestamp":"2024-10-23T23:08:02.820Z"}
{"level":"\u001b[32minfo\u001b[39m","message":"APP is running on PORT 4000","timestamp":"2024-10-23T23:08:18.324Z"}
{"level":"\u001b[32minfo\u001b[39m","message":"APP is running on PORT 4000","timestamp":"2024-10-23T23:08:23.411Z"}
{"level":"\u001b[32minfo\u001b[39m","message":"{\"method\":\"POST\",\"url\":\"/api/v1/users/login\",\"status\":\"200\",\"responseTime\":\"584.587\"}","timestamp":"2024-10-23T23:08:28.110Z"}
{"level":"\u001b[32minfo\u001b[39m","message":"APP is running on PORT 4000","timestamp":"2024-10-23T23:08:39.233Z"}
{"level":"\u001b[32minfo\u001b[39m","message":"APP is running on PORT 4000","timestamp":"2024-10-23T23:12:37.240Z"}
{"level":"\u001b[32minfo\u001b[39m","message":"{\"method\":\"POST\",\"url\":\"/api/v1/users/refresh-token\",\"status\":\"200\",\"responseTime\":\"383.539\"}","timestamp":"2024-10-23T23:13:06.907Z"}
{"level":"\u001b[32minfo\u001b[39m","message":"{\"method\":\"POST\",\"url\":\"/api/v1/users/refresh-token\",\"status\":\"200\",\"responseTime\":\"326.929\"}","timestamp":"2024-10-23T23:13:59.084Z"}
{"level":"\u001b[32minfo\u001b[39m","message":"APP is running on PORT 4000","timestamp":"2024-10-23T23:16:16.579Z"}
{"level":"\u001b[32minfo\u001b[39m","message":"{\"method\":\"POST\",\"url\":\"/api/v1/users/register\",\"status\":\"409\",\"responseTime\":\"160.356\"}","timestamp":"2024-10-23T23:16:20.289Z"}
{"level":"\u001b[32minfo\u001b[39m","message":"APP is running on PORT 4000","timestamp":"2024-10-23T23:17:23.892Z"}
{"level":"\u001b[32minfo\u001b[39m","message":"APP is running on PORT 4000","timestamp":"2024-10-23T23:17:38.310Z"}
{"level":"\u001b[32minfo\u001b[39m","message":"{\"method\":\"POST\",\"url\":\"/api/v1/users/register\",\"status\":\"201\",\"responseTime\":\"4225.020\"}","timestamp":"2024-10-23T23:19:41.642Z"}
{"level":"\u001b[32minfo\u001b[39m","message":"{\"method\":\"POST\",\"url\":\"/api/v1/users/login\",\"status\":\"200\",\"responseTime\":\"510.820\"}","timestamp":"2024-10-23T23:20:11.114Z"}
{"level":"\u001b[32minfo\u001b[39m","message":"{\"method\":\"POST\",\"url\":\"/api/v1/users/logout\",\"status\":\"200\",\"responseTime\":\"213.880\"}","timestamp":"2024-10-23T23:20:18.672Z"}
{"level":"\u001b[32minfo\u001b[39m","message":"{\"method\":\"POST\",\"url\":\"/api/v1/users/refresh-token\",\"status\":\"401\",\"responseTime\":\"3.889\"}","timestamp":"2024-10-23T23:20:27.651Z"}
{"level":"\u001b[32minfo\u001b[39m","message":"{\"method\":\"POST\",\"url\":\"/api/v1/users/logout\",\"status\":\"401\",\"responseTime\":\"1.016\"}","timestamp":"2024-10-23T23:20:37.843Z"}
{"level":"\u001b[32minfo\u001b[39m","message":"APP is running on PORT 4000","timestamp":"2024-10-23T23:21:38.996Z"}
{"level":"\u001b[32minfo\u001b[39m","message":"{\"method\":\"POST\",\"url\":\"/api/v1/users/register\",\"status\":\"201\",\"responseTime\":\"4166.943\"}","timestamp":"2024-10-23T23:21:52.125Z"}
{"level":"\u001b[32minfo\u001b[39m","message":"APP is running on PORT 4000","timestamp":"2024-10-23T23:23:06.409Z"}
{"level":"\u001b[32minfo\u001b[39m","message":"{\"method\":\"POST\",\"url\":\"/api/v1/users/register\",\"status\":\"201\",\"responseTime\":\"4380.300\"}","timestamp":"2024-10-23T23:23:19.833Z"}
{"level":"\u001b[32minfo\u001b[39m","message":"APP is running on PORT 4000","timestamp":"2024-10-23T23:24:14.353Z"}
{"level":"\u001b[32minfo\u001b[39m","message":"{\"method\":\"POST\",\"url\":\"/api/v1/users/login\",\"status\":\"200\",\"responseTime\":\"557.993\"}","timestamp":"2024-10-23T23:27:26.561Z"}
{"level":"\u001b[32minfo\u001b[39m","message":"{\"method\":\"POST\",\"url\":\"/api/v1/users/change-password\",\"status\":\"500\",\"responseTime\":\"212.059\"}","timestamp":"2024-10-23T23:28:23.170Z"}
{"level":"\u001b[32minfo\u001b[39m","message":"{\"method\":\"POST\",\"url\":\"/api/v1/users/change-password\",\"status\":\"500\",\"responseTime\":\"204.151\"}","timestamp":"2024-10-23T23:29:00.875Z"}
{"level":"\u001b[32minfo\u001b[39m","message":"{\"method\":\"POST\",\"url\":\"/api/v1/users/change-password\",\"status\":\"200\",\"responseTime\":\"494.617\"}","timestamp":"2024-10-23T23:29:33.627Z"}
{"level":"\u001b[32minfo\u001b[39m","message":"{\"method\":\"POST\",\"url\":\"/api/v1/users/login\",\"status\":\"401\",\"responseTime\":\"194.841\"}","timestamp":"2024-10-23T23:30:02.041Z"}
{"level":"\u001b[32minfo\u001b[39m","message":"{\"method\":\"POST\",\"url\":\"/api/v1/users/login\",\"status\":\"200\",\"responseTime\":\"499.698\"}","timestamp":"2024-10-23T23:30:08.794Z"}
{"level":"\u001b[32minfo\u001b[39m","message":"APP is running on PORT 4000","timestamp":"2024-10-24T00:13:21.435Z"}
{"level":"\u001b[32minfo\u001b[39m","message":"{\"method\":\"GET\",\"url\":\"/api/v1/lusers/logout\",\"status\":\"404\",\"responseTime\":\"3.933\"}","timestamp":"2024-10-24T00:13:38.058Z"}
{"level":"\u001b[32minfo\u001b[39m","message":"{\"method\":\"GET\",\"url\":\"/api/v1/users/logout\",\"status\":\"404\",\"responseTime\":\"1.508\"}","timestamp":"2024-10-24T00:13:49.774Z"}
{"level":"\u001b[32minfo\u001b[39m","message":"{\"method\":\"POST\",\"url\":\"/api/v1/users/login\",\"status\":\"200\",\"responseTime\":\"624.828\"}","timestamp":"2024-10-24T00:15:43.787Z"}
{"level":"\u001b[32minfo\u001b[39m","message":"{\"method\":\"GET\",\"url\":\"/api/v1/users/logout\",\"status\":\"404\",\"responseTime\":\"1.328\"}","timestamp":"2024-10-24T00:15:54.427Z"}
{"level":"\u001b[32minfo\u001b[39m","message":"{\"method\":\"GET\",\"url\":\"/api/v1/users/logout\",\"status\":\"404\",\"responseTime\":\"0.720\"}","timestamp":"2024-10-24T00:15:57.387Z"}
{"level":"\u001b[32minfo\u001b[39m","message":"{\"method\":\"GET\",\"url\":\"/api/v1/users/logout\",\"status\":\"404\",\"responseTime\":\"0.863\"}","timestamp":"2024-10-24T00:16:17.584Z"}
{"level":"\u001b[32minfo\u001b[39m","message":"APP is running on PORT 4000","timestamp":"2024-10-24T00:16:41.713Z"}
{"level":"\u001b[32minfo\u001b[39m","message":"{\"method\":\"POST\",\"url\":\"/api/v1/users/logout\",\"status\":\"200\",\"responseTime\":\"270.385\"}","timestamp":"2024-10-24T00:16:50.736Z"}
{"level":"\u001b[32minfo\u001b[39m","message":"APP is running on PORT 4000","timestamp":"2024-10-24T09:45:08.295Z"}
{"level":"\u001b[32minfo\u001b[39m","message":"{\"method\":\"GET\",\"url\":\"/api/v1/users/current-user\",\"status\":\"401\",\"responseTime\":\"30.519\"}","timestamp":"2024-10-24T09:45:46.813Z"}
{"level":"\u001b[32minfo\u001b[39m","message":"{\"method\":\"GET\",\"url\":\"/api/v1/users/channel/:username\",\"status\":\"401\",\"responseTime\":\"1.657\"}","timestamp":"2024-10-24T09:46:26.710Z"}
{"level":"\u001b[32minfo\u001b[39m","message":"{\"method\":\"PATCH\",\"url\":\"/api/v1/users/update-account\",\"status\":\"401\",\"responseTime\":\"0.659\"}","timestamp":"2024-10-24T09:47:02.291Z"}
{"level":"\u001b[32minfo\u001b[39m","message":"{\"method\":\"GET\",\"url\":\"/api/v1/users/history\",\"status\":\"401\",\"responseTime\":\"0.689\"}","timestamp":"2024-10-24T09:48:46.775Z"}
{"level":"\u001b[32minfo\u001b[39m","message":"{\"method\":\"POST\",\"url\":\"/api/v1/users/login\",\"status\":\"200\",\"responseTime\":\"606.740\"}","timestamp":"2024-10-24T09:48:57.202Z"}
{"level":"\u001b[32minfo\u001b[39m","message":"{\"method\":\"GET\",\"url\":\"/api/v1/users/current-user\",\"status\":\"200\",\"responseTime\":\"102.617\"}","timestamp":"2024-10-24T09:49:03.007Z"}
{"level":"\u001b[32minfo\u001b[39m","message":"{\"method\":\"GET\",\"url\":\"/api/v1/users/channel/:username\",\"status\":\"404\",\"responseTime\":\"109.430\"}","timestamp":"2024-10-24T09:49:12.028Z"}
{"level":"\u001b[32minfo\u001b[39m","message":"{\"method\":\"GET\",\"url\":\"/api/v1/users/channel/:username\",\"status\":\"404\",\"responseTime\":\"105.213\"}","timestamp":"2024-10-24T09:50:12.219Z"}
{"level":"\u001b[32minfo\u001b[39m","message":"{\"method\":\"GET\",\"url\":\"/api/v1/users/channel/:username\",\"status\":\"404\",\"responseTime\":\"99.896\"}","timestamp":"2024-10-24T09:50:23.657Z"}
{"level":"\u001b[32minfo\u001b[39m","message":"APP is running on PORT 4000","timestamp":"2024-10-24T09:50:59.558Z"}
{"level":"\u001b[32minfo\u001b[39m","message":"{\"method\":\"GET\",\"url\":\"/api/v1/users/channel/:username\",\"status\":\"404\",\"responseTime\":\"1093.662\"}","timestamp":"2024-10-24T09:51:00.784Z"}
{"level":"\u001b[32minfo\u001b[39m","message":"APP is running on PORT 4000","timestamp":"2024-10-24T09:51:23.629Z"}
{"level":"\u001b[32minfo\u001b[39m","message":"{\"method\":\"GET\",\"url\":\"/api/v1/users/channel/:username\",\"status\":\"200\",\"responseTime\":\"154.028\"}","timestamp":"2024-10-24T09:51:25.838Z"}
{"level":"\u001b[32minfo\u001b[39m","message":"APP is running on PORT 4000","timestamp":"2024-10-24T09:51:57.418Z"}
{"level":"\u001b[32minfo\u001b[39m","message":"{\"method\":\"GET\",\"url\":\"/api/v1/users/channel/:username\",\"status\":\"200\",\"responseTime\":\"1103.227\"}","timestamp":"2024-10-24T09:51:58.625Z"}
{"level":"\u001b[32minfo\u001b[39m","message":"APP is running on PORT 4000","timestamp":"2024-10-24T09:52:12.356Z"}
{"level":"\u001b[32minfo\u001b[39m","message":"APP is running on PORT 4000","timestamp":"2024-10-24T09:52:22.688Z"}
{"level":"\u001b[32minfo\u001b[39m","message":"{\"method\":\"GET\",\"url\":\"/api/v1/users/channel/:username\",\"status\":\"500\",\"responseTime\":\"220.947\"}","timestamp":"2024-10-24T09:52:24.971Z"}
{"level":"\u001b[32minfo\u001b[39m","message":"{\"method\":\"GET\",\"url\":\"/api/v1/users/channel/:username\",\"status\":\"500\",\"responseTime\":\"199.451\"}","timestamp":"2024-10-24T09:52:35.940Z"}
{"level":"\u001b[32minfo\u001b[39m","message":"APP is running on PORT 4000","timestamp":"2024-10-24T09:53:45.751Z"}
{"level":"\u001b[32minfo\u001b[39m","message":"{\"method\":\"GET\",\"url\":\"/api/v1/users/channel/:username\",\"status\":\"500\",\"responseTime\":\"241.311\"}","timestamp":"2024-10-24T09:54:00.632Z"}
{"level":"\u001b[32minfo\u001b[39m","message":"{\"method\":\"GET\",\"url\":\"/api/v1/users/channel/:username\",\"status\":\"500\",\"responseTime\":\"198.641\"}","timestamp":"2024-10-24T09:54:08.373Z"}
{"level":"\u001b[32minfo\u001b[39m","message":"APP is running on PORT 4000","timestamp":"2024-10-24T09:54:38.137Z"}
{"level":"\u001b[32minfo\u001b[39m","message":"{\"method\":\"GET\",\"url\":\"/api/v1/users/channel/:username\",\"status\":\"404\",\"responseTime\":\"239.857\"}","timestamp":"2024-10-24T09:54:39.819Z"}
{"level":"\u001b[32minfo\u001b[39m","message":"{\"method\":\"GET\",\"url\":\"/api/v1/users/channel/:username\",\"status\":\"404\",\"responseTime\":\"214.952\"}","timestamp":"2024-10-24T09:54:54.357Z"}
{"level":"\u001b[32minfo\u001b[39m","message":"APP is running on PORT 4000","timestamp":"2024-10-24T09:55:11.553Z"}
{"level":"\u001b[32minfo\u001b[39m","message":"{\"method\":\"GET\",\"url\":\"/api/v1/users/channel/:username\",\"status\":\"200\",\"responseTime\":\"1041.039\"}","timestamp":"2024-10-24T09:55:12.799Z"}
{"level":"\u001b[32minfo\u001b[39m","message":"APP is running on PORT 4000","timestamp":"2024-10-24T09:55:28.546Z"}
{"level":"\u001b[32minfo\u001b[39m","message":"APP is running on PORT 4000","timestamp":"2024-10-24T09:55:34.055Z"}
{"level":"\u001b[32minfo\u001b[39m","message":"APP is running on PORT 4000","timestamp":"2024-10-24T09:56:17.760Z"}
{"level":"\u001b[32minfo\u001b[39m","message":"APP is running on PORT 4000","timestamp":"2024-10-24T09:56:22.014Z"}
{"level":"\u001b[32minfo\u001b[39m","message":"{\"method\":\"GET\",\"url\":\"/api/v1/users/channel/:username\",\"status\":\"500\",\"responseTime\":\"246.668\"}","timestamp":"2024-10-24T09:56:25.237Z"}
{"level":"\u001b[32minfo\u001b[39m","message":"{\"method\":\"GET\",\"url\":\"/api/v1/users/channel/:username\",\"status\":\"500\",\"responseTime\":\"205.153\"}","timestamp":"2024-10-24T09:56:33.832Z"}
{"level":"\u001b[32minfo\u001b[39m","message":"APP is running on PORT 4000","timestamp":"2024-10-24T09:56:45.628Z"}
{"level":"\u001b[32minfo\u001b[39m","message":"{\"method\":\"GET\",\"url\":\"/api/v1/users/channel/:username\",\"status\":\"404\",\"responseTime\":\"1279.003\"}","timestamp":"2024-10-24T09:56:46.961Z"}
{"level":"\u001b[32minfo\u001b[39m","message":"APP is running on PORT 4000","timestamp":"2024-10-24T09:57:27.141Z"}
{"level":"\u001b[32minfo\u001b[39m","message":"{\"method\":\"GET\",\"url\":\"/api/v1/users/channel/:username\",\"status\":\"404\",\"responseTime\":\"219.316\"}","timestamp":"2024-10-24T09:57:32.009Z"}
{"level":"\u001b[32minfo\u001b[39m","message":"APP is running on PORT 4000","timestamp":"2024-10-24T09:58:20.793Z"}
{"level":"\u001b[32minfo\u001b[39m","message":"{\"method\":\"GET\",\"url\":\"/api/v1/users/channel/:username\",\"status\":\"404\",\"responseTime\":\"275.776\"}","timestamp":"2024-10-24T09:58:29.417Z"}
{"level":"\u001b[32minfo\u001b[39m","message":"{\"method\":\"GET\",\"url\":\"/api/v1/users/channel/:username\",\"status\":\"404\",\"responseTime\":\"201.067\"}","timestamp":"2024-10-24T09:58:53.516Z"}
{"level":"\u001b[32minfo\u001b[39m","message":"APP is running on PORT 4000","timestamp":"2024-10-24T09:59:06.499Z"}
{"level":"\u001b[32minfo\u001b[39m","message":"APP is running on PORT 4000","timestamp":"2024-10-24T09:59:36.663Z"}
{"level":"\u001b[32minfo\u001b[39m","message":"APP is running on PORT 4000","timestamp":"2024-10-24T10:00:01.919Z"}
{"level":"\u001b[32minfo\u001b[39m","message":"APP is running on PORT 4000","timestamp":"2024-10-24T10:00:17.843Z"}
{"level":"\u001b[32minfo\u001b[39m","message":"{\"method\":\"GET\",\"url\":\"/api/v1/users/channel/:username\",\"status\":\"404\",\"responseTime\":\"241.144\"}","timestamp":"2024-10-24T10:00:21.096Z"}
{"level":"\u001b[32minfo\u001b[39m","message":"APP is running on PORT 4000","timestamp":"2024-10-24T10:00:34.996Z"}
{"level":"\u001b[32minfo\u001b[39m","message":"{\"method\":\"GET\",\"url\":\"/api/v1/users/channel/:username\",\"status\":\"404\",\"responseTime\":\"776.811\"}","timestamp":"2024-10-24T10:00:35.816Z"}
{"level":"\u001b[32minfo\u001b[39m","message":"{\"method\":\"GET\",\"url\":\"/api/v1/users/channel/dummy1\",\"status\":\"200\",\"responseTime\":\"215.862\"}","timestamp":"2024-10-24T10:02:54.085Z"}
{"level":"\u001b[32minfo\u001b[39m","message":"{\"method\":\"GET\",\"url\":\"/api/v1/users/channel/:username\",\"status\":\"404\",\"responseTime\":\"200.585\"}","timestamp":"2024-10-24T10:03:26.344Z"}
{"level":"\u001b[32minfo\u001b[39m","message":"APP is running on PORT 4000","timestamp":"2024-10-24T10:09:06.952Z"}
{"level":"\u001b[32minfo\u001b[39m","message":"{\"method\":\"POST\",\"url\":\"/api/v1/users/channel/:username\",\"status\":\"404\",\"responseTime\":\"250.727\"}","timestamp":"2024-10-24T10:09:11.653Z"}
{"level":"\u001b[32minfo\u001b[39m","message":"{\"method\":\"POST\",\"url\":\"/api/v1/users/channel/:username\",\"status\":\"401\",\"responseTime\":\"19272.038\"}","timestamp":"2024-10-24T10:09:38.329Z"}
{"level":"\u001b[32minfo\u001b[39m","message":"APP is running on PORT 4000","timestamp":"2024-10-24T10:12:07.024Z"}
{"level":"\u001b[32minfo\u001b[39m","message":"{\"method\":\"POST\",\"url\":\"/api/v1/users/channel\",\"status\":\"500\",\"responseTime\":\"132.514\"}","timestamp":"2024-10-24T10:12:13.130Z"}
{"level":"\u001b[32minfo\u001b[39m","message":"APP is running on PORT 4000","timestamp":"2024-10-24T10:12:25.241Z"}
{"level":"\u001b[32minfo\u001b[39m","message":"{\"method\":\"POST\",\"url\":\"/api/v1/users/channel\",\"status\":\"500\",\"responseTime\":\"743.396\"}","timestamp":"2024-10-24T10:12:26.541Z"}
{"level":"\u001b[32minfo\u001b[39m","message":"APP is running on PORT 4000","timestamp":"2024-10-24T10:12:37.698Z"}
{"level":"\u001b[32minfo\u001b[39m","message":"{\"method\":\"POST\",\"url\":\"/api/v1/users/channel\",\"status\":\"404\",\"responseTime\":\"1147.391\"}","timestamp":"2024-10-24T10:12:39.058Z"}
{"level":"\u001b[32minfo\u001b[39m","message":"APP is running on PORT 4000","timestamp":"2024-10-24T10:13:38.522Z"}
{"level":"\u001b[32minfo\u001b[39m","message":"{\"method\":\"POST\",\"url\":\"/api/v1/users/channel\",\"status\":\"404\",\"responseTime\":\"600.592\"}","timestamp":"2024-10-24T10:13:40.328Z"}
{"level":"\u001b[32minfo\u001b[39m","message":"APP is running on PORT 4000","timestamp":"2024-10-24T10:13:53.842Z"}
{"level":"\u001b[32minfo\u001b[39m","message":"{\"method\":\"POST\",\"url\":\"/api/v1/users/channel\",\"status\":\"200\",\"responseTime\":\"1221.484\"}","timestamp":"2024-10-24T10:13:55.260Z"}
{"level":"\u001b[32minfo\u001b[39m","message":"APP is running on PORT 4000","timestamp":"2024-10-24T10:14:07.039Z"}
{"level":"\u001b[32minfo\u001b[39m","message":"APP is running on PORT 4000","timestamp":"2024-10-24T10:15:12.835Z"}
{"level":"\u001b[32minfo\u001b[39m","message":"APP is running on PORT 4000","timestamp":"2024-10-24T10:15:17.728Z"}
{"level":"\u001b[32minfo\u001b[39m","message":"APP is running on PORT 4000","timestamp":"2024-10-24T10:15:30.195Z"}
{"level":"\u001b[32minfo\u001b[39m","message":"{\"method\":\"GET\",\"url\":\"/api/v1/users/channel/dummy2\",\"status\":\"404\",\"responseTime\":\"234.970\"}","timestamp":"2024-10-24T10:15:43.252Z"}
{"level":"\u001b[32minfo\u001b[39m","message":"APP is running on PORT 4000","timestamp":"2024-10-24T10:16:25.878Z"}
{"level":"\u001b[32minfo\u001b[39m","message":"{\"method\":\"GET\",\"url\":\"/api/v1/users/channel/dummy1\",\"status\":\"200\",\"responseTime\":\"239.031\"}","timestamp":"2024-10-24T10:18:58.488Z"}
{"level":"\u001b[32minfo\u001b[39m","message":"APP is running on PORT 4000","timestamp":"2024-10-24T10:19:13.237Z"}
{"level":"\u001b[32minfo\u001b[39m","message":"{\"method\":\"GET\",\"url\":\"/api/v1/users/channel/dummy1\",\"status\":\"200\",\"responseTime\":\"287.655\"}","timestamp":"2024-10-24T10:19:14.449Z"}
{"level":"\u001b[32minfo\u001b[39m","message":"{\"method\":\"GET\",\"url\":\"/api/v1/users/channel/dummy2\",\"status\":\"404\",\"responseTime\":\"219.910\"}","timestamp":"2024-10-24T10:20:42.399Z"}
{"level":"\u001b[32minfo\u001b[39m","message":"{\"method\":\"GET\",\"url\":\"/api/v1/users/channel/dummy1\",\"status\":\"200\",\"responseTime\":\"210.877\"}","timestamp":"2024-10-24T10:20:45.629Z"}
{"level":"\u001b[32minfo\u001b[39m","message":"{\"method\":\"PATCH\",\"url\":\"/api/v1/users/update-account\",\"status\":\"200\",\"responseTime\":\"345.222\"}","timestamp":"2024-10-24T10:22:41.819Z"}
{"level":"\u001b[32minfo\u001b[39m","message":"{\"method\":\"PATCH\",\"url\":\"/api/v1/users/update-avatar\",\"status\":\"200\",\"responseTime\":\"2270.261\"}","timestamp":"2024-10-24T10:24:16.234Z"}
{"level":"\u001b[32minfo\u001b[39m","message":"APP is running on PORT 4000","timestamp":"2024-10-24T10:24:54.300Z"}
{"level":"\u001b[32minfo\u001b[39m","message":"{\"method\":\"PATCH\",\"url\":\"/api/v1/users/update-avatar\",\"status\":\"200\",\"responseTime\":\"2391.132\"}","timestamp":"2024-10-24T10:24:59.055Z"}
{"level":"\u001b[32minfo\u001b[39m","message":"APP is running on PORT 4000","timestamp":"2024-10-24T10:25:39.011Z"}
{"level":"\u001b[32minfo\u001b[39m","message":"{\"method\":\"PATCH\",\"url\":\"/api/v1/users/update-avatar\",\"status\":\"200\",\"responseTime\":\"2319.454\"}","timestamp":"2024-10-24T10:25:43.562Z"}
{"level":"\u001b[32minfo\u001b[39m","message":"APP is running on PORT 4000","timestamp":"2024-10-24T10:25:59.773Z"}
{"level":"\u001b[32minfo\u001b[39m","message":"APP is running on PORT 4000","timestamp":"2024-10-24T10:26:08.302Z"}
{"level":"\u001b[32minfo\u001b[39m","message":"{\"method\":\"PATCH\",\"url\":\"/api/v1/users/update-avatar\",\"status\":\"200\",\"responseTime\":\"3232.204\"}","timestamp":"2024-10-24T10:26:11.696Z"}
{"level":"\u001b[32minfo\u001b[39m","message":"APP is running on PORT 4000","timestamp":"2024-10-24T10:26:37.656Z"}
{"level":"\u001b[32minfo\u001b[39m","message":"APP is running on PORT 4000","timestamp":"2024-10-24T10:26:45.229Z"}
{"level":"\u001b[32minfo\u001b[39m","message":"{\"method\":\"PATCH\",\"url\":\"/api/v1/users/update-avatar\",\"status\":\"500\",\"responseTime\":\"2146.640\"}","timestamp":"2024-10-24T10:27:09.693Z"}
{"level":"\u001b[32minfo\u001b[39m","message":"APP is running on PORT 4000","timestamp":"2024-10-24T10:27:24.376Z"}
{"level":"\u001b[32minfo\u001b[39m","message":"APP is running on PORT 4000","timestamp":"2024-10-24T10:27:34.770Z"}
{"level":"\u001b[32minfo\u001b[39m","message":"{\"method\":\"PATCH\",\"url\":\"/api/v1/users/update-avatar\",\"status\":\"200\",\"responseTime\":\"2220.211\"}","timestamp":"2024-10-24T10:27:41.817Z"}
{"level":"\u001b[32minfo\u001b[39m","message":"APP is running on PORT 4000","timestamp":"2024-10-24T10:28:05.827Z"}
{"level":"\u001b[32minfo\u001b[39m","message":"{\"method\":\"PATCH\",\"url\":\"/api/v1/users/update-coverImage\",\"status\":\"400\",\"responseTime\":\"133.106\"}","timestamp":"2024-10-24T10:28:27.013Z"}
{"level":"\u001b[32minfo\u001b[39m","message":"{\"method\":\"PATCH\",\"url\":\"/api/v1/users/update-coverImage\",\"status\":\"200\",\"responseTime\":\"2339.352\"}","timestamp":"2024-10-24T10:28:57.840Z"}
{"level":"\u001b[32minfo\u001b[39m","message":"{\"method\":\"GET\",\"url\":\"/api/v1/users/history\",\"status\":\"404\",\"responseTime\":\"101.015\"}","timestamp":"2024-10-24T10:29:19.532Z"}
{"level":"\u001b[32minfo\u001b[39m","message":"APP is running on PORT 4000","timestamp":"2024-10-24T10:29:46.657Z"}
{"level":"\u001b[32minfo\u001b[39m","message":"APP is running on PORT 4000","timestamp":"2024-10-24T10:29:55.304Z"}
{"level":"\u001b[32minfo\u001b[39m","message":"{\"method\":\"GET\",\"url\":\"/api/v1/users/history\",\"status\":\"200\",\"responseTime\":\"225.442\"}","timestamp":"2024-10-24T10:29:56.197Z"}
{"level":"\u001b[32minfo\u001b[39m","message":"APP is running on PORT 4000","timestamp":"2024-10-24T10:30:21.698Z"}
{"level":"\u001b[32minfo\u001b[39m","message":"APP is running on PORT 4000","timestamp":"2024-10-24T10:30:27.082Z"}
{"level":"\u001b[32minfo\u001b[39m","message":"{\"method\":\"GET\",\"url\":\"/api/v1/users/history\",\"status\":\"200\",\"responseTime\":\"278.536\"}","timestamp":"2024-10-24T10:30:30.086Z"}
{"level":"\u001b[32minfo\u001b[39m","message":"APP is running on PORT 4000","timestamp":"2024-10-24T10:30:49.078Z"}
{"level":"\u001b[32minfo\u001b[39m","message":"APP is running on PORT 4000","timestamp":"2024-10-24T11:42:59.057Z"}
{"level":"\u001b[32minfo\u001b[39m","message":"{\"method\":\"POST\",\"url\":\"/api/v1/users/register\",\"status\":\"201\",\"responseTime\":\"4725.860\"}","timestamp":"2024-10-24T11:45:31.213Z"}
{"level":"\u001b[32minfo\u001b[39m","message":"{\"method\":\"POST\",\"url\":\"/api/v1/users/login\",\"status\":\"200\",\"responseTime\":\"547.671\"}","timestamp":"2024-10-24T11:46:40.020Z"}
{"level":"\u001b[32minfo\u001b[39m","message":"{\"method\":\"POST\",\"url\":\"/api/v1/users/refresh-token\",\"status\":\"200\",\"responseTime\":\"331.301\"}","timestamp":"2024-10-24T11:47:49.193Z"}
{"level":"\u001b[32minfo\u001b[39m","message":"{\"method\":\"POST\",\"url\":\"/api/v1/users/refresh-token\",\"status\":\"200\",\"responseTime\":\"314.856\"}","timestamp":"2024-10-24T11:48:08.035Z"}
